# opened /dev/cu.usbmodem2121102 at 2026-07-04 07:57:21
PONG wedgelab
>> set nwheels 2
OK nwheels=2
>> set tickus 10000
OK tickus=10000
>> set sensors 1
OK sensors=1
>> set resetmode 0
OK resetmode=0
>> run reset 10
RUN reset 10 (any byte aborts)
STOPV ok (reset-end) att=0 d=0
RESULT reset n=10 ep=0,0,0,0 glitch=0 errs=0 persist=0
>> set resetmode 1
OK resetmode=1
>> run reset 10
RUN reset 10 (any byte aborts)
LATCH M2 raw=77 tick=84 phase=reset pwm=-32
XCHECK M2 CHIP x1=16483 x2=16483 d=0 ok=1,1 buserr10=0
RING S0.0 S0.12710 S0.12666 S0.12696 S0.12724 S0.12747 S0.12698 S0.14725 S0.12743 S0.12718 S0.12721 S0.12689 S0.12738 S0.12750 S0.12737 S0.12708 S0.12668 S0.12741 S0.12723 S0.12736 S0.12699 S0.12708 S0.12700 S0.12741 S0.12730 S0.12752
LATCH M1 raw=125 tick=86 phase=reset pwm=-32
XCHECK M1 CHIP x1=18052 x2=18052 d=0 ok=1,1 buserr10=0
RING S0.0 S0.14725 S0.12743 S0.12718 S0.12721 S0.12689 S0.12738 S0.12750 S0.12737 S0.12708 S0.12668 S0.12741 S0.12723 S0.12736 S0.12699 S0.12708 S0.12700 S0.12741 S0.12730 S0.12752 S0.12704 S0.12654 Q2.16142 R2.4515 Q2.66829 R2.4515
LATCH M2 raw=77 tick=195 phase=reset pwm=-32
XCHECK M2 CHIP x1=18422 x2=18422 d=0 ok=1,1 buserr10=0
RING S0.0 S0.12731 S0.12763 S0.12700 S0.12663 S0.12733 S0.14680 S0.12666 S0.12689 S0.12736 S0.12750 S0.12737 S0.12707 S0.12700 S0.12740 S0.12731 S0.12763 S0.12701 S0.12664 S0.12744 S0.12719 S0.12731 S0.12752 S0.12704 S0.12687 S0.12744
LATCH M1 raw=116 tick=196 phase=reset pwm=-32
XCHECK M1 CHIP x1=20416 x2=20416 d=0 ok=1,1 buserr10=0
RING S0.0 S0.14680 S0.12666 S0.12689 S0.12736 S0.12750 S0.12737 S0.12707 S0.12700 S0.12740 S0.12731 S0.12763 S0.12701 S0.12664 S0.12744 S0.12719 S0.12731 S0.12752 S0.12704 S0.12687 S0.12744 S0.12724 S0.12739 Q2.16137 R2.4514 Q2.64414
LATCH M2 raw=79 tick=305 phase=reset pwm=-32
XCHECK M2 CHIP x1=20419 x2=20419 d=0 ok=1,1 buserr10=0
RING S0.0 S0.12731 S0.12763 S0.12699 S0.12664 S0.12733 S0.14680 S0.12666 S0.12688 S0.12737 S0.12750 S0.12737 S0.12707 S0.12700 S0.12740 S0.12731 S0.12763 S0.12701 S0.12664 S0.12744 S0.12719 S0.12730 S0.12753 S0.12704 S0.12687 S0.12744
LATCH M1 raw=125 tick=307 phase=reset pwm=-32
XCHECK M1 CHIP x1=22852 x2=22852 d=0 ok=1,1 buserr10=0
RING S0.0 S0.12666 S0.12688 S0.12737 S0.12750 S0.12737 S0.12707 S0.12700 S0.12740 S0.12731 S0.12763 S0.12701 S0.12664 S0.12744 S0.12719 S0.12730 S0.12753 S0.12704 S0.12687 S0.12744 S0.12724 S0.12739 Q2.16134 R2.4514 Q2.64417 R2.4513
LATCH M2 raw=83 tick=415 phase=reset pwm=-32
XCHECK M2 CHIP x1=22419 x2=22419 d=0 ok=1,1 buserr10=0
RING S0.0 S0.12738 S0.12737 S0.12744 S0.12718 S0.12722 S0.14696 S0.12698 S0.12686 S0.12700 S0.12741 S0.12730 S0.12751 S0.12703 S0.12684 S0.12745 S0.12733 S0.12738 S0.12765 S0.12666 S0.12731 S0.12745 S0.12733 S0.12744 S0.12721 S0.12683
LATCH M1 raw=136 tick=417 phase=reset pwm=-32
XCHECK M1 CHIP x1=25261 x2=25261 d=0 ok=1,1 buserr10=0
RING S0.0 S0.12698 S0.12686 S0.12700 S0.12741 S0.12730 S0.12751 S0.12703 S0.12684 S0.12745 S0.12733 S0.12738 S0.12765 S0.12666 S0.12731 S0.12745 S0.12733 S0.12744 S0.12721 S0.12683 S0.12739 S0.12748 Q2.16145 R2.4514 Q2.65113 R2.4513
LATCH M2 raw=77 tick=525 phase=reset pwm=-32
XCHECK M2 CHIP x1=24461 x2=24461 d=0 ok=1,1 buserr10=0
RING S0.0 S0.12739 S0.12737 S0.12732 S0.12718 S0.12724 S0.14692 S0.12731 S0.12664 S0.12698 S0.12740 S0.12730 S0.12752 S0.12703 S0.12686 S0.12744 S0.12724 S0.12739 S0.12732 S0.12699 S0.12687 S0.12744 S0.12734 S0.12743 S0.12721 S0.12656
LATCH M1 raw=127 tick=527 phase=reset pwm=-32
XCHECK M1 CHIP x1=27697 x2=27697 d=0 ok=1,1 buserr10=0
RING S0.0 S0.12731 S0.12664 S0.12698 S0.12740 S0.12730 S0.12752 S0.12703 S0.12686 S0.12744 S0.12724 S0.12739 S0.12732 S0.12699 S0.12687 S0.12744 S0.12734 S0.12743 S0.12721 S0.12656 S0.12695 S0.12738 Q2.16135 R2.4513 Q2.65314 R2.4514
STOPV ok (reset-end) att=0 d=0
RESULT reset n=10 ep=5,5,0,0 glitch=0 errs=0 persist=0
>> set resetmode 2
OK resetmode=2
>> run reset 10
RUN reset 10 (any byte aborts)
STOPV ok (reset-end) att=0 d=0
RESULT reset n=10 ep=0,0,0,0 glitch=0 errs=0 persist=0
>> set resetmode 3
OK resetmode=3
>> run reset 10
RUN reset 10 (any byte aborts)
STOPV ok (reset-end) att=0 d=0
RESULT reset n=10 ep=0,0,0,0 glitch=0 errs=0 persist=0
>> stat
STAT2 sens=2440 senserr=0
STAT w=12 r=10 err=0 glitch=0 ep=0,0,0,0 persist=0 runaway=0 stopretry=0
>> heal
HEAL M1 ok (a=68547 b=69417)
HEAL M2 ok (a=61092 b=61744)
STOPV ok (heal-end) att=0 d=0
