# opened /dev/cu.usbmodem2121102 at 2026-07-04 08:04:32
PONG wedgelab
>> set nwheels 2
OK nwheels=2
>> set tickus 10000
OK tickus=10000
>> set sensors 1
OK sensors=1
>> set resetmode 1
OK resetmode=1
>> run reset 10
RUN reset 10 (any byte aborts)
STOPV ok (reset-end) att=0 d=0
RESULT reset n=10 ep=0,0,0,0 glitch=0 errs=0 persist=0
>> set resetmode 4
OK resetmode=4
>> set zerodwell 150
OK zerodwell=150
>> run reset 25
RUN reset 25 (any byte aborts)
STOPV ok (reset-end) att=0 d=0
RESULT reset n=25 ep=0,0,0,0 glitch=0 errs=0 persist=0
>> set zerodwell 50
OK zerodwell=50
>> run reset 25
RUN reset 25 (any byte aborts)
STOPV ok (reset-end) att=0 d=0
RESULT reset n=25 ep=0,0,0,0 glitch=0 errs=0 persist=0
>> set zerodwell 20
OK zerodwell=20
>> run reset 25
RUN reset 25 (any byte aborts)
LATCH M2 raw=93 tick=83 phase=reset pwm=-32
XCHECK M2 CHIP x1=72283 x2=72283 d=0 ok=1,1 buserr10=0
RING S0.0 S0.12715 S0.12671 S0.12690 S0.12755 S0.12760 S0.12745 S0.12718 S0.34730 S0.12722 S0.12731 S0.12697 S0.12755 S0.12760 S0.12748 S0.12712 S0.12707 S0.12758 S0.12729 S0.12757 S0.12714 S0.12720 S0.12708 S0.12757 S0.12744 S0.12752
LATCH M1 raw=118 tick=85 phase=reset pwm=-32
XCHECK M1 CHIP x1=77475 x2=77475 d=0 ok=1,1 buserr10=0
RING S0.0 S0.12718 S0.34730 S0.12722 S0.12731 S0.12697 S0.12755 S0.12760 S0.12748 S0.12712 S0.12707 S0.12758 S0.12729 S0.12757 S0.12714 S0.12720 S0.12708 S0.12757 S0.12744 S0.12752 S0.12711 S0.12695 Q2.16154 R2.4514 Q2.66621 R2.4515
LATCH M2 raw=97 tick=193 phase=reset pwm=-32
XCHECK M2 CHIP x1=74478 x2=74478 d=0 ok=1,1 buserr10=0
RING S0.0 S0.12734 S0.12745 S0.12728 S0.12660 S0.12700 S0.12757 S0.12734 S0.34781 S0.12734 S0.12749 S0.12735 S0.12708 S0.12697 S0.12757 S0.12735 S0.12747 S0.12728 S0.12696 S0.12753 S0.12751 S0.12753 S0.12770 S0.12704 S0.12713 S0.12757
LATCH M1 raw=155 tick=197 phase=reset pwm=-32
XCHECK M1 CHIP x1=80067 x2=80067 d=0 ok=1,1 buserr10=0
RING S0.0 S0.12734 S0.12749 S0.12735 S0.12708 S0.12697 S0.12757 S0.12735 S0.12747 S0.12728 S0.12696 S0.12753 S0.12751 S0.12753 S0.12770 S0.12704 S0.12713 S0.12757 S0.12760 S0.12745 Q2.16119 R2.4519 Q2.67955 R2.4514 S0.27126 S0.12734
LATCH M2 raw=101 tick=304 phase=reset pwm=-32
XCHECK M2 CHIP x1=76656 x2=76656 d=0 ok=1,1 buserr10=0
RING S0.0 S0.12690 S0.12755 S0.12760 S0.12749 S0.12717 S0.12706 S0.34728 S0.12719 S0.12696 S0.12757 S0.12735 S0.12747 S0.12728 S0.12661 S0.12697 S0.12751 S0.12741 S0.12723 S0.12731 S0.12697 S0.12755 S0.12761 S0.12748 S0.12717 S0.12672
LATCH M1 raw=159 tick=307 phase=reset pwm=-32
XCHECK M1 CHIP x1=82636 x2=82636 d=0 ok=1,1 buserr10=0
RING S0.0 S0.12719 S0.12696 S0.12757 S0.12735 S0.12747 S0.12728 S0.12661 S0.12697 S0.12751 S0.12741 S0.12723 S0.12731 S0.12697 S0.12755 S0.12761 S0.12748 S0.12717 S0.12672 S0.12702 S0.12730 Q2.16156 R2.4513 Q2.65319 R2.4513 S0.27119
LATCH M2 raw=89 tick=413 phase=reset pwm=-32
XCHECK M2 CHIP x1=78845 x2=78845 d=0 ok=1,1 buserr10=0
RING S0.0 S0.12658 S0.12712 S0.12758 S0.12743 S0.12752 S0.12711 S0.12694 S0.34717 S0.12717 S0.12705 S0.12753 S0.12743 S0.12751 S0.12707 S0.12658 S0.12697 S0.12732 S0.12742 S0.12735 S0.12704 S0.12695 S0.12758 S0.12735 S0.12746 S0.12728
LATCH M1 raw=137 tick=416 phase=reset pwm=-32
XCHECK M1 CHIP x1=85197 x2=85197 d=0 ok=1,1 buserr10=0
RING S0.0 S0.34717 S0.12717 S0.12705 S0.12753 S0.12743 S0.12751 S0.12707 S0.12658 S0.12697 S0.12732 S0.12742 S0.12735 S0.12704 S0.12695 S0.12758 S0.12735 S0.12746 S0.12728 S0.12661 S0.12686 Q2.16154 R2.4513 Q2.66162 R2.4513 S0.27095
LATCH M2 raw=102 tick=524 phase=reset pwm=-32
XCHECK M2 CHIP x1=81045 x2=81045 d=0 ok=1,1 buserr10=0
RING S0.0 S0.12755 S0.12760 S0.12748 S0.12714 S0.12707 S0.12757 S0.34702 S0.12696 S0.12756 S0.12760 S0.12744 S0.12716 S0.12672 S0.12758 S0.12729 S0.12745 S0.12714 S0.12714 S0.12709 S0.12748 S0.12744 S0.12752 S0.12710 S0.12660 S0.12702
LATCH M1 raw=136 tick=525 phase=reset pwm=-32
XCHECK M1 CHIP x1=87795 x2=87795 d=0 ok=1,1 buserr10=0
RING S0.0 S0.12757 S0.34702 S0.12696 S0.12756 S0.12760 S0.12744 S0.12716 S0.12672 S0.12758 S0.12729 S0.12745 S0.12714 S0.12714 S0.12709 S0.12748 S0.12744 S0.12752 S0.12710 S0.12660 S0.12702 S0.12731 S0.12739 Q2.16147 R2.4510 Q2.64557
LATCH M2 raw=93 tick=633 phase=reset pwm=-32
XCHECK M2 CHIP x1=83222 x2=83222 d=0 ok=1,1 buserr10=0
RING S0.0 S0.12735 S0.12739 S0.12728 S0.12671 S0.12701 S0.12757 S0.12734 S0.34787 S0.12734 S0.12749 S0.12735 S0.12702 S0.12695 S0.12758 S0.12734 S0.12746 S0.12728 S0.12695 S0.12756 S0.12751 S0.12754 S0.12724 S0.12728 S0.12735 S0.12756
LATCH M1 raw=163 tick=636 phase=reset pwm=-32
XCHECK M1 CHIP x1=90389 x2=90389 d=0 ok=1,1 buserr10=0
RING S0.0 S0.34787 S0.12734 S0.12749 S0.12735 S0.12702 S0.12695 S0.12758 S0.12734 S0.12746 S0.12728 S0.12695 S0.12756 S0.12751 S0.12754 S0.12724 S0.12728 S0.12735 S0.12756 S0.12760 S0.12749 Q2.16123 R2.4528 Q2.67984 R2.4514 S0.27093
LATCH M2 raw=93 tick=743 phase=reset pwm=-32
XCHECK M2 CHIP x1=85417 x2=85417 d=0 ok=1,1 buserr10=0
RING S0.0 S0.12712 S0.12758 S0.12742 S0.12752 S0.12712 S0.12694 S0.34717 S0.12717 S0.12707 S0.12758 S0.12743 S0.12751 S0.12710 S0.12659 S0.12702 S0.12734 S0.12743 S0.12735 S0.12712 S0.12697 S0.12757 S0.12735 S0.12746 S0.12729 S0.12661
LATCH M1 raw=163 tick=746 phase=reset pwm=-32
XCHECK M1 CHIP x1=93000 x2=93000 d=0 ok=1,1 buserr10=0
RING S0.0 S0.12717 S0.12707 S0.12758 S0.12743 S0.12751 S0.12710 S0.12659 S0.12702 S0.12734 S0.12743 S0.12735 S0.12712 S0.12697 S0.12757 S0.12735 S0.12746 S0.12729 S0.12661 S0.12694 S0.12751 Q2.16145 R2.4512 Q2.65382 R2.4514 S0.27209
LATCH M1 raw=130 tick=854 phase=reset pwm=-32
XCHECK M1 CHIP x1=95592 x2=95592 d=0 ok=1,1 buserr10=0
RING S0.0 S0.12758 S0.12742 S0.12752 S0.12712 S0.12694 S0.34717 S0.12717 S0.12707 S0.12758 S0.12743 S0.12751 S0.12710 S0.12659 S0.12702 S0.12732 S0.12742 S0.12735 S0.12712 S0.12696 S0.12758 S0.12734 S0.12747 S0.12728 S0.12660 S0.12690
LATCH M2 raw=99 tick=854 phase=reset pwm=-32
XCHECK M2 CHIP x1=87584 x2=87584 d=0 ok=1,1 buserr10=0
RING S0.0 S0.12694 S0.34717 S0.12717 S0.12707 S0.12758 S0.12743 S0.12751 S0.12710 S0.12659 S0.12702 S0.12732 S0.12742 S0.12735 S0.12712 S0.12696 S0.12758 S0.12734 S0.12747 S0.12728 S0.12660 S0.12690 S0.12751 S0.12745 Q1.10626 R1.4513
LATCH M2 raw=93 tick=963 phase=reset pwm=-32
XCHECK M2 CHIP x1=89761 x2=89761 d=0 ok=1,1 buserr10=0
RING S0.0 S0.12701 S0.12757 S0.12743 S0.12750 S0.12711 S0.12694 S0.34717 S0.12714 S0.12708 S0.12757 S0.12743 S0.12752 S0.12706 S0.12660 S0.12702 S0.12734 S0.12743 S0.12735 S0.12704 S0.12696 S0.12757 S0.12735 S0.12746 S0.12729 S0.12659
LATCH M1 raw=161 tick=966 phase=reset pwm=-32
XCHECK M1 CHIP x1=98231 x2=98231 d=0 ok=1,1 buserr10=0
RING S0.0 S0.12714 S0.12708 S0.12757 S0.12743 S0.12752 S0.12706 S0.12660 S0.12702 S0.12734 S0.12743 S0.12735 S0.12704 S0.12696 S0.12757 S0.12735 S0.12746 S0.12729 S0.12659 S0.12684 S0.12751 Q2.16142 R2.4523 Q2.65409 R2.4513 S0.27096
LATCH M2 raw=100 tick=1072 phase=reset pwm=-32
XCHECK M2 CHIP x1=91950 x2=91950 d=0 ok=1,1 buserr10=0
RING S0.0 S0.12659 S0.12712 S0.12754 S0.12743 S0.12752 S0.12711 S0.12694 S0.34717 S0.12717 S0.12707 S0.12758 S0.12743 S0.12751 S0.12711 S0.12658 S0.12697 S0.12735 S0.12742 S0.12735 S0.12713 S0.12695 S0.12758 S0.12735 S0.12746 S0.12729
LATCH M1 raw=161 tick=1076 phase=reset pwm=-32
XCHECK M1 CHIP x1=100825 x2=100825 d=0 ok=1,1 buserr10=0
RING S0.0 S0.12717 S0.12707 S0.12758 S0.12743 S0.12751 S0.12711 S0.12658 S0.12697 S0.12735 S0.12742 S0.12735 S0.12713 S0.12695 S0.12758 S0.12735 S0.12746 S0.12729 S0.12660 S0.12691 Q2.16157 R2.4514 Q2.66138 R2.4513 S0.27112 S0.12713
LATCH M2 raw=99 tick=1183 phase=reset pwm=-32
XCHECK M2 CHIP x1=94131 x2=94131 d=0 ok=1,1 buserr10=0
RING S0.0 S0.12700 S0.12758 S0.12742 S0.12752 S0.12712 S0.12694 S0.34717 S0.12717 S0.12707 S0.12757 S0.12744 S0.12751 S0.12710 S0.12659 S0.12702 S0.12731 S0.12743 S0.12735 S0.12704 S0.12696 S0.12757 S0.12735 S0.12746 S0.12729 S0.12661
LATCH M1 raw=147 tick=1185 phase=reset pwm=-32
XCHECK M1 CHIP x1=103411 x2=103411 d=0 ok=1,1 buserr10=0
RING S0.0 S0.34717 S0.12717 S0.12707 S0.12757 S0.12744 S0.12751 S0.12710 S0.12659 S0.12702 S0.12731 S0.12743 S0.12735 S0.12704 S0.12696 S0.12757 S0.12735 S0.12746 S0.12729 S0.12661 S0.12689 S0.12751 Q2.16153 R2.4512 Q2.65398 R2.4513
LATCH M2 raw=93 tick=1292 phase=reset pwm=-32
XCHECK M2 CHIP x1=96322 x2=96322 d=0 ok=1,1 buserr10=0
RING S0.0 S0.12688 S0.12758 S0.12734 S0.12747 S0.12730 S0.12696 S0.12755 S0.34722 S0.12681 S0.12757 S0.12735 S0.12746 S0.12728 S0.12661 S0.12701 S0.12751 S0.12741 S0.12722 S0.12732 S0.12696 S0.12756 S0.12761 S0.12747 S0.12717 S0.12672
LATCH M1 raw=132 tick=1294 phase=reset pwm=-32
XCHECK M1 CHIP x1=106017 x2=106017 d=0 ok=1,1 buserr10=0
RING S0.0 S0.12755 S0.34722 S0.12681 S0.12757 S0.12735 S0.12746 S0.12728 S0.12661 S0.12701 S0.12751 S0.12741 S0.12722 S0.12732 S0.12696 S0.12756 S0.12761 S0.12747 S0.12717 S0.12672 S0.12703 S0.12726 Q2.16159 R2.4512 Q2.65333 R2.4513
STOPV ok (reset-end) att=0 d=0
RESULT reset n=25 ep=12,12,0,0 glitch=0 errs=0 persist=0
>> set resetmode 5
OK resetmode=5
>> run reset 25
RUN reset 25 (any byte aborts)
STOPV ok (reset-end) att=0 d=0
RESULT reset n=25 ep=0,0,0,0 glitch=0 errs=0 persist=0
>> set resetmode 1
OK resetmode=1
>> run reset 10
RUN reset 10 (any byte aborts)
LATCH M2 raw=89 tick=85 phase=reset pwm=-32
XCHECK M2 CHIP x1=104278 x2=104278 d=0 ok=1,1 buserr10=0
RING S0.0 S0.12701 S0.12758 S0.12742 S0.12753 S0.12710 S0.14694 S0.12723 S0.12719 S0.12707 S0.12757 S0.12740 S0.12751 S0.12710 S0.12659 S0.12702 S0.12732 S0.12743 S0.12734 S0.12713 S0.12696 S0.12757 S0.12735 S0.12746 S0.12729 S0.12661
LATCH M1 raw=113 tick=86 phase=reset pwm=-32
XCHECK M1 CHIP x1=113412 x2=113412 d=0 ok=1,1 buserr10=0
RING S0.0 S0.14694 S0.12723 S0.12719 S0.12707 S0.12757 S0.12740 S0.12751 S0.12710 S0.12659 S0.12702 S0.12732 S0.12743 S0.12734 S0.12713 S0.12696 S0.12757 S0.12735 S0.12746 S0.12729 S0.12661 S0.12690 S0.12751 Q2.16144 R2.4513 Q2.65387
LATCH M2 raw=101 tick=196 phase=reset pwm=-32
XCHECK M2 CHIP x1=106470 x2=106470 d=0 ok=1,1 buserr10=0
RING S0.0 S0.12752 S0.12707 S0.12695 S0.12757 S0.14695 S0.12706 S0.12757 S0.12744 S0.12751 S0.12711 S0.12657 S0.12697 S0.12735 S0.12742 S0.12735 S0.12712 S0.12696 S0.12757 S0.12735 S0.12746 S0.12729 S0.12661 S0.12690 S0.12751 S0.12745
LATCH M1 raw=157 tick=199 phase=reset pwm=-32
XCHECK M1 CHIP x1=115964 x2=115964 d=0 ok=1,1 buserr10=0
RING S0.0 S0.12744 S0.12751 S0.12711 S0.12657 S0.12697 S0.12735 S0.12742 S0.12735 S0.12712 S0.12696 S0.12757 S0.12735 S0.12746 S0.12729 S0.12661 S0.12690 S0.12751 S0.12745 S0.12723 S0.12729 Q2.16110 R2.4513 Q2.67220 R2.4512 S0.27069
LATCH M2 raw=95 tick=305 phase=reset pwm=-32
XCHECK M2 CHIP x1=108634 x2=108634 d=0 ok=1,1 buserr10=0
RING S0.0 S0.12655 S0.12700 S0.12757 S0.12734 S0.12747 S0.14763 S0.12738 S0.12731 S0.12709 S0.12695 S0.12757 S0.12734 S0.12747 S0.12729 S0.12661 S0.12753 S0.12751 S0.12754 S0.12723 S0.12728 S0.12697 S0.12757 S0.12759 S0.12749 S0.12717
LATCH M1 raw=153 tick=308 phase=reset pwm=-32
XCHECK M1 CHIP x1=118489 x2=118489 d=0 ok=1,1 buserr10=0
RING S0.0 S0.12731 S0.12709 S0.12695 S0.12757 S0.12734 S0.12747 S0.12729 S0.12661 S0.12753 S0.12751 S0.12754 S0.12723 S0.12728 S0.12697 S0.12757 S0.12759 S0.12749 S0.12717 S0.12707 S0.12758 Q2.16135 R2.4525 Q2.65854 R2.4514 S0.27086
LATCH M2 raw=93 tick=415 phase=reset pwm=-32
XCHECK M2 CHIP x1=110834 x2=110834 d=0 ok=1,1 buserr10=0
RING S0.0 S0.12690 S0.12756 S0.12759 S0.12749 S0.12717 S0.14717 S0.12721 S0.12730 S0.12697 S0.12756 S0.12760 S0.12747 S0.12716 S0.12673 S0.12758 S0.12729 S0.12744 S0.12710 S0.12719 S0.12708 S0.12748 S0.12743 S0.12752 S0.12711 S0.12660
LATCH M1 raw=126 tick=416 phase=reset pwm=-32
XCHECK M1 CHIP x1=121012 x2=121012 d=0 ok=1,1 buserr10=0
RING S0.0 S0.14717 S0.12721 S0.12730 S0.12697 S0.12756 S0.12760 S0.12747 S0.12716 S0.12673 S0.12758 S0.12729 S0.12744 S0.12710 S0.12719 S0.12708 S0.12748 S0.12743 S0.12752 S0.12711 S0.12660 S0.12757 S0.12726 Q2.16139 R2.4512 Q2.65260
LATCH M2 raw=99 tick=526 phase=reset pwm=-32
XCHECK M2 CHIP x1=113006 x2=113006 d=0 ok=1,1 buserr10=0
RING S0.0 S0.12745 S0.12717 S0.12707 S0.12757 S0.14694 S0.12695 S0.12756 S0.12760 S0.12748 S0.12716 S0.12672 S0.12702 S0.12730 S0.12744 S0.12713 S0.12716 S0.12707 S0.12758 S0.12744 S0.12751 S0.12708 S0.12659 S0.12702 S0.12732 S0.12743
LATCH M1 raw=148 tick=528 phase=reset pwm=-32
XCHECK M1 CHIP x1=123587 x2=123587 d=0 ok=1,1 buserr10=0
RING S0.0 S0.12756 S0.12760 S0.12748 S0.12716 S0.12672 S0.12702 S0.12730 S0.12744 S0.12713 S0.12716 S0.12707 S0.12758 S0.12744 S0.12751 S0.12708 S0.12659 S0.12702 S0.12732 S0.12743 S0.12735 S0.12704 Q2.16099 R2.4516 Q2.67237 R2.4512
STOPV ok (reset-end) att=0 d=0
RESULT reset n=10 ep=5,5,0,0 glitch=0 errs=0 persist=0
>> stat
STAT2 sens=7287 senserr=0
STAT w=32 r=30 err=0 glitch=0 ep=5,5,0,0 persist=0 runaway=0 stopretry=0
>> heal
HEAL M1 ok (a=123587 b=124384)
HEAL M2 ok (a=113012 b=113745)
STOPV ok (heal-end) att=0 d=0
