# opened /dev/cu.usbmodem2121102 at 2026-07-04 06:51:10
PONG wedgelab
>> set nwheels 2
OK nwheels=2
>> set tickus 10000
OK tickus=10000
>> set sensors 1
OK sensors=1
>> set verbose 1
OK verbose=1
>> run legs 30
RUN legs 30 (any byte aborts)
LEG 1/30 ep=0,0,0,0
LEG 2/30 ep=0,0,0,0
LEG 3/30 ep=0,0,0,0
LEG 4/30 ep=0,0,0,0
LEG 5/30 ep=0,0,0,0
LEG 6/30 ep=0,0,0,0
LEG 7/30 ep=0,0,0,0
LEG 8/30 ep=0,0,0,0
LEG 9/30 ep=0,0,0,0
LEG 10/30 ep=0,0,0,0
LEG 11/30 ep=0,0,0,0
LEG 12/30 ep=0,0,0,0
LEG 13/30 ep=0,0,0,0
LEG 14/30 ep=0,0,0,0
LEG 15/30 ep=0,0,0,0
LEG 16/30 ep=0,0,0,0
LEG 17/30 ep=0,0,0,0
LEG 18/30 ep=0,0,0,0
LEG 19/30 ep=0,0,0,0
LEG 20/30 ep=0,0,0,0
LEG 21/30 ep=0,0,0,0
LEG 22/30 ep=0,0,0,0
LEG 23/30 ep=0,0,0,0
LEG 24/30 ep=0,0,0,0
LEG 25/30 ep=0,0,0,0
LEG 26/30 ep=0,0,0,0
LEG 27/30 ep=0,0,0,0
LEG 28/30 ep=0,0,0,0
LEG 29/30 ep=0,0,0,0
LEG 30/30 ep=0,0,0,0
STOPV ok (legs-end) att=0 d=0
RESULT legs n=30 ep=0,0,0,0 glitch=0 errs=0 persist=0
>> stat
STAT2 sens=2490 senserr=0
STAT w=192 r=130 err=0 glitch=0 ep=0,0,0,0 persist=0 runaway=0 stopretry=0
>> run reset 20
RUN reset 20 (any byte aborts)
LATCH M2 raw=88 tick=85 phase=reset pwm=-32
RING S0.0 S0.12686 S0.12728 S0.12735 S0.12708 S0.12715 S0.12681 S0.12728 S0.12741 S0.12726 S0.300234 S0.12693 S0.12654 S0.12734 S0.12718 S0.12724 S0.12726 S0.12690 S0.12677 S0.12736 S0.12732 S0.12738 S0.12712 S0.12658 S0.12678 S0.12735
LATCH M1 raw=373 tick=86 phase=reset pwm=-32
RING S0.0 S0.12728 S0.12735 S0.12708 S0.12715 S0.12681 S0.12728 S0.12741 S0.12726 S0.300234 S0.12693 S0.12654 S0.12734 S0.12718 S0.12724 S0.12726 S0.12690 S0.12677 S0.12736 S0.12732 S0.12738 S0.12712 S0.12658 S0.12678 S0.12735 S0.12731
LATCH M2 raw=87 tick=206 phase=reset pwm=-32
RING S0.0 S0.12701 S0.12655 S0.12691 S0.12717 S0.12724 S0.12722 S0.12690 S0.12678 S0.12735 S0.12731 S0.300243 S0.12725 S0.12698 S0.12669 S0.12687 S0.12715 S0.12741 S0.12696 S0.12699 S0.12691 S0.12732 S0.12725 S0.12766 S0.12691 S0.12655
LATCH M1 raw=385 tick=208 phase=reset pwm=-32
RING S0.0 S0.12691 S0.12717 S0.12724 S0.12722 S0.12690 S0.12678 S0.12735 S0.12731 S0.300243 S0.12725 S0.12698 S0.12669 S0.12687 S0.12715 S0.12741 S0.12696 S0.12699 S0.12691 S0.12732 S0.12725 S0.12766 S0.12691 S0.12655 S0.12690 S0.12731
LATCH M2 raw=99 tick=329 phase=reset pwm=-32
RING S0.0 S0.12699 S0.12669 S0.12687 S0.12714 S0.12741 S0.12697 S0.12698 S0.12690 S0.12732 S0.300273 S0.12722 S0.12737 S0.12712 S0.12657 S0.12730 S0.12728 S0.12719 S0.12713 S0.12715 S0.12681 S0.12729 S0.12742 S0.12726 S0.12699 S0.12670
LATCH M1 raw=406 tick=331 phase=reset pwm=-32
RING S0.0 S0.12687 S0.12714 S0.12741 S0.12697 S0.12698 S0.12690 S0.12732 S0.300273 S0.12722 S0.12737 S0.12712 S0.12657 S0.12730 S0.12728 S0.12719 S0.12713 S0.12715 S0.12681 S0.12729 S0.12742 S0.12726 S0.12699 S0.12670 S0.12680 S0.12724
LATCH M2 raw=97 tick=451 phase=reset pwm=-32
RING S0.0 S0.12726 S0.12698 S0.12669 S0.12687 S0.12715 S0.12741 S0.12696 S0.12702 S0.12691 S0.300247 S0.12730 S0.12725 S0.12739 S0.12701 S0.12655 S0.12691 S0.12716 S0.12724 S0.12726 S0.12690 S0.12678 S0.12735 S0.12731 S0.12738 S0.12712
LATCH M1 raw=422 tick=454 phase=reset pwm=-32
RING S0.0 S0.12687 S0.12715 S0.12741 S0.12696 S0.12702 S0.12691 S0.300247 S0.12730 S0.12725 S0.12739 S0.12701 S0.12655 S0.12691 S0.12716 S0.12724 S0.12726 S0.12690 S0.12678 S0.12735 S0.12731 S0.12738 S0.12712 S0.12680 S0.12691 S0.12735
LATCH M2 raw=87 tick=571 phase=reset pwm=-32
RING S0.0 S0.12679 S0.12730 S0.12741 S0.12731 S0.12735 S0.12668 S0.12679 S0.12729 S0.12741 S0.12726 S0.12699 S0.300237 S0.12677 S0.12735 S0.12731 S0.12738 S0.12712 S0.12657 S0.12679 S0.12735 S0.12730 S0.12739 S0.12712 S0.12680 S0.12730
LATCH M1 raw=417 tick=575 phase=reset pwm=-32
RING S0.0 S0.12735 S0.12668 S0.12679 S0.12729 S0.12741 S0.12726 S0.12699 S0.300237 S0.12677 S0.12735 S0.12731 S0.12738 S0.12712 S0.12657 S0.12679 S0.12735 S0.12730 S0.12739 S0.12712 S0.12680 S0.12730 S0.12729 S0.12732 S0.12709 S0.12716
LATCH M2 raw=93 tick=695 phase=reset pwm=-32
RING S0.0 S0.12685 S0.12729 S0.12726 S0.12709 S0.12715 S0.12680 S0.12729 S0.12741 S0.12726 S0.300264 S0.12700 S0.12678 S0.12736 S0.12718 S0.12732 S0.12722 S0.12690 S0.12681 S0.12736 S0.12732 S0.12738 S0.12712 S0.12658 S0.12687 S0.12728
LATCH M1 raw=416 tick=697 phase=reset pwm=-32
RING S0.0 S0.12726 S0.12709 S0.12715 S0.12680 S0.12729 S0.12741 S0.12726 S0.300264 S0.12700 S0.12678 S0.12736 S0.12718 S0.12732 S0.12722 S0.12690 S0.12681 S0.12736 S0.12732 S0.12738 S0.12712 S0.12658 S0.12687 S0.12728 S0.12724 S0.12713
LATCH M2 raw=97 tick=817 phase=reset pwm=-32
RING S0.0 S0.12658 S0.12685 S0.12728 S0.12730 S0.12713 S0.12715 S0.12681 S0.12729 S0.12741 S0.300337 S0.12727 S0.12691 S0.12677 S0.12735 S0.12732 S0.12732 S0.12724 S0.12647 S0.12678 S0.12735 S0.12731 S0.12738 S0.12713 S0.12657 S0.12687
LATCH M1 raw=398 tick=818 phase=reset pwm=-32
RING S0.0 S0.12685 S0.12728 S0.12730 S0.12713 S0.12715 S0.12681 S0.12729 S0.12741 S0.300337 S0.12727 S0.12691 S0.12677 S0.12735 S0.12732 S0.12732 S0.12724 S0.12647 S0.12678 S0.12735 S0.12731 S0.12738 S0.12713 S0.12657 S0.12687 S0.12728
LATCH M1 raw=382 tick=939 phase=reset pwm=-32
RING S0.0 S0.12712 S0.12680 S0.12730 S0.12728 S0.12732 S0.12709 S0.12715 S0.12680 S0.12729 S0.300319 S0.12723 S0.12722 S0.12690 S0.12678 S0.12735 S0.12731 S0.12738 S0.12712 S0.12657 S0.12679 S0.12735 S0.12731 S0.12738 S0.12716 S0.12680
LATCH M2 raw=95 tick=939 phase=reset pwm=-32
RING S0.0 S0.12712 S0.12680 S0.12730 S0.12728 S0.12732 S0.12709 S0.12715 S0.12680 S0.12729 S0.300319 S0.12723 S0.12722 S0.12690 S0.12678 S0.12735 S0.12731 S0.12738 S0.12712 S0.12657 S0.12679 S0.12735 S0.12731 S0.12738 S0.12716 S0.12680
LATCH M2 raw=88 tick=1060 phase=reset pwm=-32
RING S0.0 S0.12722 S0.12713 S0.12716 S0.12679 S0.12729 S0.12741 S0.12725 S0.12702 S0.12669 S0.12680 S0.300237 S0.12717 S0.12724 S0.12725 S0.12690 S0.12678 S0.12735 S0.12731 S0.12738 S0.12716 S0.12658 S0.12679 S0.12729 S0.12723 S0.12739
LATCH M1 raw=392 tick=1061 phase=reset pwm=-32
RING S0.0 S0.12713 S0.12716 S0.12679 S0.12729 S0.12741 S0.12725 S0.12702 S0.12669 S0.12680 S0.300237 S0.12717 S0.12724 S0.12725 S0.12690 S0.12678 S0.12735 S0.12731 S0.12738 S0.12716 S0.12658 S0.12679 S0.12729 S0.12723 S0.12739 S0.12712
LATCH M2 raw=97 tick=1183 phase=reset pwm=-32
RING S0.0 S0.12731 S0.12737 S0.12715 S0.12681 S0.12729 S0.12728 S0.12732 S0.12713 S0.12712 S0.300199 S0.12687 S0.12714 S0.12741 S0.12712 S0.12699 S0.12690 S0.12731 S0.12721 S0.12738 S0.12730 S0.12655 S0.12691 S0.12732 S0.12725 S0.12744
LATCH M1 raw=415 tick=1185 phase=reset pwm=-32
RING S0.0 S0.12715 S0.12681 S0.12729 S0.12728 S0.12732 S0.12713 S0.12712 S0.300199 S0.12687 S0.12714 S0.12741 S0.12712 S0.12699 S0.12690 S0.12731 S0.12721 S0.12738 S0.12730 S0.12655 S0.12691 S0.12732 S0.12725 S0.12744 S0.12701 S0.12655
STOPV ok (reset-end) att=0 d=0
RESULT reset n=20 ep=10,10,0,0 glitch=0 errs=0 persist=0
>> stat
STAT2 sens=3710 senserr=0
STAT w=12 r=10 err=0 glitch=0 ep=10,10,0,0 persist=0 runaway=0 stopretry=0
>> heal
HEAL M1 ok (a=29922 b=30644)
HEAL M2 ok (a=27327 b=27950)
STOPV ok (heal-end) att=0 d=0
>> set sensors 0
OK sensors=0
>> set nwheels 4
OK nwheels=4
