# opened /dev/cu.usbmodem2121102 at 2026-07-03 22:32:30
PONG wedgelab
>> run legs 60
RUN legs 60 (any byte aborts)
STOPV ok (legs-end) att=0 d=0
RESULT legs n=60 epR=0 epL=0 glitch=0 errs=0 persist=0
>> stat
STAT w=17536 r=8772 err=0 glitch=0 epR=0 epL=0 persist=0 runaway=0 stopretry=0
>> heal
HEAL M1 ok (a=-1053050 b=-1052233)
HEAL M2 ok (a=-1041905 b=-1041088)
STOPV ok (heal-end) att=0 d=0
>> run combo 10
RUN combo 10 (any byte aborts)
STOPV ok (combo-end) att=0 d=0
RESULT combo n=10 epR=0 epL=0 glitch=0 errs=0 persist=0
>> stat
STAT w=2292 r=2270 err=0 glitch=0 epR=0 epL=0 persist=0 runaway=0 stopretry=0
>> heal
HEAL M1 ok (a=-1053500 b=-1052641)
HEAL M2 ok (a=-1041183 b=-1040333)
STOPV ok (heal-end) att=0 d=0
