# opened /dev/cu.usbmodem2121102 at 2026-07-03 23:18:58
PONG wedgelab
>> set nwheels 2
OK nwheels=2
>> set tickus 10000
OK tickus=10000
>> set cruise 45
OK cruise=45
>> set sensors 1
OK sensors=1
>> run legs 30
RUN legs 30 (any byte aborts)
STOPV ok (legs-end) att=0 d=0
RESULT legs n=30 ep=0,0,0,0 glitch=0 errs=0 persist=0
>> stat
STAT2 sens=2311 senserr=0
STAT w=9496 r=4752 err=0 glitch=0 ep=0,0,0,0 persist=0 runaway=0 stopretry=0
>> run reset 20
RUN reset 20 (any byte aborts)
STOPV ok (reset-end) att=0 d=0
RESULT reset n=20 ep=0,0,0,0 glitch=0 errs=0 persist=0
>> stat
STAT2 sens=3591 senserr=0
STAT w=2774 r=2730 err=0 glitch=0 ep=0,0,0,0 persist=0 runaway=0 stopretry=0
>> heal
HEAL M1 ok (a=51950 b=52850)
HEAL M2 ok (a=53514 b=54353)
STOPV ok (heal-end) att=0 d=0
>> set sensors 0
OK sensors=0
>> set cruise 32
OK cruise=32
>> set nwheels 4
OK nwheels=4
>> set tickus 20000
OK tickus=20000
