# opened /dev/cu.usbmodem2121102 at 2026-07-03 22:53:22
PONG wedgelab
>> set nwheels 2
OK nwheels=2
>> set tickus 10000
OK tickus=10000
>> set cruise 45
OK cruise=45
>> run reset 40
RUN reset 40 (any byte aborts)
STOPV ok (reset-end) att=0 d=0
RESULT reset n=40 ep=0,0,0,0 glitch=0 errs=0 persist=0
>> stat
STAT w=6334 r=6250 err=0 glitch=0 ep=0,0,0,0 persist=0 runaway=0 stopretry=0
>> heal
HEAL M1 ok (a=51203 b=52067)
HEAL M2 ok (a=50130 b=50997)
STOPV ok (heal-end) att=0 d=0
>> set cruise 32
OK cruise=32
>> set nwheels 4
OK nwheels=4
>> set tickus 20000
OK tickus=20000
