# opened /dev/cu.usbmodem2121102 at 2026-07-03 22:46:44
PONG wedgelab
>> set nwheels 2
OK nwheels=2
>> set tickus 10000
OK tickus=10000
>> set cruise 45
OK cruise=45
>> run legs 30
RUN legs 30 (any byte aborts)
STOPV ok (legs-end) att=0 d=0
RESULT legs n=30 ep=0,0,0,0 glitch=0 errs=0 persist=0
>> stat
STAT w=10216 r=5112 err=0 glitch=0 ep=0,0,0,0 persist=0 runaway=0 stopretry=0
>> set slam 100
OK slam=100
>> run slam 30
RUN slam 30 (any byte aborts)
STOPV ok (slam-end) att=0 d=0
RESULT slam n=30 ep=0,0,0,0 glitch=0 errs=0 persist=0
>> stat
STAT w=6672 r=6610 err=0 glitch=0 ep=0,0,0,0 persist=0 runaway=0 stopretry=0
>> heal
HEAL M1 ok (a=48553 b=49536)
HEAL M2 ok (a=44058 b=44947)
STOPV ok (heal-end) att=0 d=0
>> set cruise 32
OK cruise=32
>> set slam 80
OK slam=80
>> set nwheels 4
OK nwheels=4
>> set tickus 20000
OK tickus=20000
