# opened /dev/cu.usbmodem2121102 at 2026-07-04 10:45:40
PONG wedgelab
>> set nwheels 2
OK nwheels=2
>> set tickus 10000
OK tickus=10000
>> set sensors 1
OK sensors=1
>> set resetmode 1
OK resetmode=1
>> run reset 20
RUN reset 20 (any byte aborts)
STOPV ok (reset-end) att=0 d=0
RESULT reset n=20 ep=0,0,0,0 glitch=0 errs=0 persist=0
>> run reset 20
RUN reset 20 (any byte aborts)
LATCH M2 raw=87 tick=85 phase=reset pwm=-32
XCHECK M2 CHIP x1=-227151 x2=-227151 d=0 ok=1,1 buserr10=0
RING S0.0 S0.12710 S0.12695 S0.12757 S0.12734 S0.12757 S0.14763 S0.12743 S0.12752 S0.12708 S0.12695 S0.12754 S0.12725 S0.12751 S0.12782 S0.12648 S0.12697 S0.12758 S0.12734 S0.12747 S0.12730 S0.12696 S0.12756 S0.12751 S0.12753 S0.12725
LATCH M1 raw=132 tick=87 phase=reset pwm=-32
XCHECK M1 CHIP x1=-260318 x2=-260318 d=0 ok=1,1 buserr10=0
RING S0.0 S0.12743 S0.12752 S0.12708 S0.12695 S0.12754 S0.12725 S0.12751 S0.12782 S0.12648 S0.12697 S0.12758 S0.12734 S0.12747 S0.12730 S0.12696 S0.12756 S0.12751 S0.12753 S0.12725 S0.12685 S0.12724 Q2.16154 R2.4515 Q2.66223 R2.4513
LATCH M2 raw=84 tick=195 phase=reset pwm=-32
XCHECK M2 CHIP x1=-225112 x2=-225112 d=0 ok=1,1 buserr10=0
RING S0.0 S0.12756 S0.12742 S0.12752 S0.12712 S0.12694 S0.14701 S0.12716 S0.12708 S0.12757 S0.12743 S0.12752 S0.12709 S0.12660 S0.12702 S0.12734 S0.12743 S0.12735 S0.12704 S0.12696 S0.12757 S0.12735 S0.12746 S0.12728 S0.12661 S0.12686
LATCH M1 raw=142 tick=198 phase=reset pwm=-32
XCHECK M1 CHIP x1=-257890 x2=-257890 d=0 ok=1,1 buserr10=0
RING S0.0 S0.12708 S0.12757 S0.12743 S0.12752 S0.12709 S0.12660 S0.12702 S0.12734 S0.12743 S0.12735 S0.12704 S0.12696 S0.12757 S0.12735 S0.12746 S0.12728 S0.12661 S0.12686 S0.12751 S0.12745 Q2.16144 R2.4508 Q2.64692 R2.4516 S0.27103
LATCH M2 raw=86 tick=305 phase=reset pwm=-32
XCHECK M2 CHIP x1=-223024 x2=-223024 d=0 ok=1,1 buserr10=0
RING S0.0 S0.12688 S0.12758 S0.12734 S0.12747 S0.12729 S0.14715 S0.12713 S0.12717 S0.12707 S0.12757 S0.12741 S0.12751 S0.12710 S0.12659 S0.12702 S0.12732 S0.12742 S0.12735 S0.12711 S0.12696 S0.12758 S0.12734 S0.12747 S0.12728 S0.12661
LATCH M1 raw=120 tick=306 phase=reset pwm=-32
XCHECK M1 CHIP x1=-255446 x2=-255446 d=0 ok=1,1 buserr10=0
RING S0.0 S0.14715 S0.12713 S0.12717 S0.12707 S0.12757 S0.12741 S0.12751 S0.12710 S0.12659 S0.12702 S0.12732 S0.12742 S0.12735 S0.12711 S0.12696 S0.12758 S0.12734 S0.12747 S0.12728 S0.12661 S0.12686 S0.12751 Q2.16142 R2.4512 Q2.65408
LATCH M2 raw=88 tick=414 phase=reset pwm=-32
XCHECK M2 CHIP x1=-220935 x2=-220935 d=0 ok=1,1 buserr10=0
RING S0.0 S0.12747 S0.12743 S0.12751 S0.12711 S0.12695 S0.12757 S0.14695 S0.12706 S0.12758 S0.12741 S0.12751 S0.12710 S0.12660 S0.12702 S0.12735 S0.12742 S0.12735 S0.12713 S0.12695 S0.12757 S0.12735 S0.12746 S0.12729 S0.12661 S0.12701
LATCH M1 raw=132 tick=417 phase=reset pwm=-32
XCHECK M1 CHIP x1=-252943 x2=-252943 d=0 ok=1,1 buserr10=0
RING S0.0 S0.12706 S0.12758 S0.12741 S0.12751 S0.12710 S0.12660 S0.12702 S0.12735 S0.12742 S0.12735 S0.12713 S0.12695 S0.12757 S0.12735 S0.12746 S0.12729 S0.12661 S0.12701 S0.12751 S0.12746 Q2.16123 R2.4517 Q2.64653 R2.4513 S0.27102
LATCH M2 raw=87 tick=525 phase=reset pwm=-32
XCHECK M2 CHIP x1=-218810 x2=-218810 d=0 ok=1,1 buserr10=0
RING S0.0 S0.12757 S0.12743 S0.12752 S0.12711 S0.12694 S0.14701 S0.12717 S0.12707 S0.12758 S0.12743 S0.12751 S0.12711 S0.12659 S0.12702 S0.12734 S0.12743 S0.12735 S0.12704 S0.12696 S0.12757 S0.12735 S0.12746 S0.12729 S0.12659 S0.12684
LATCH M1 raw=147 tick=527 phase=reset pwm=-32
XCHECK M1 CHIP x1=-250468 x2=-250468 d=0 ok=1,1 buserr10=0
RING S0.0 S0.12717 S0.12707 S0.12758 S0.12743 S0.12751 S0.12711 S0.12659 S0.12702 S0.12734 S0.12743 S0.12735 S0.12704 S0.12696 S0.12757 S0.12735 S0.12746 S0.12729 S0.12659 S0.12684 S0.12751 S0.12745 Q2.16145 R2.4511 Q2.64694 R2.4513
LATCH M2 raw=93 tick=635 phase=reset pwm=-32
XCHECK M2 CHIP x1=-216690 x2=-216690 d=0 ok=1,1 buserr10=0
RING S0.0 S0.12756 S0.12760 S0.12746 S0.12717 S0.12707 S0.14709 S0.12711 S0.12695 S0.12758 S0.12734 S0.12746 S0.12729 S0.12660 S0.12701 S0.12751 S0.12745 S0.12723 S0.12730 S0.12697 S0.12755 S0.12761 S0.12747 S0.12717 S0.12672 S0.12703
LATCH M1 raw=133 tick=637 phase=reset pwm=-32
XCHECK M1 CHIP x1=-247974 x2=-247974 d=0 ok=1,1 buserr10=0
RING S0.0 S0.12711 S0.12695 S0.12758 S0.12734 S0.12746 S0.12729 S0.12660 S0.12701 S0.12751 S0.12745 S0.12723 S0.12730 S0.12697 S0.12755 S0.12761 S0.12747 S0.12717 S0.12672 S0.12703 S0.12729 S0.12760 Q2.16115 R2.4519 Q2.64640 R2.4515
LATCH M2 raw=92 tick=745 phase=reset pwm=-32
XCHECK M2 CHIP x1=-214565 x2=-214565 d=0 ok=1,1 buserr10=0
RING S0.0 S0.12757 S0.12743 S0.12752 S0.12710 S0.12695 S0.14701 S0.12717 S0.12707 S0.12757 S0.12744 S0.12750 S0.12707 S0.12659 S0.12702 S0.12732 S0.12743 S0.12734 S0.12712 S0.12695 S0.12758 S0.12735 S0.12745 S0.12725 S0.12661 S0.12690
LATCH M1 raw=125 tick=746 phase=reset pwm=-32
XCHECK M1 CHIP x1=-245435 x2=-245435 d=0 ok=1,1 buserr10=0
RING S0.0 S0.14701 S0.12717 S0.12707 S0.12757 S0.12744 S0.12750 S0.12707 S0.12659 S0.12702 S0.12732 S0.12743 S0.12734 S0.12712 S0.12695 S0.12758 S0.12735 S0.12745 S0.12725 S0.12661 S0.12690 S0.12751 S0.12745 Q2.16149 R2.4508 Q2.64693
LATCH M2 raw=90 tick=854 phase=reset pwm=-32
XCHECK M2 CHIP x1=-212418 x2=-212418 d=0 ok=1,1 buserr10=0
RING S0.0 S0.12758 S0.12734 S0.12747 S0.12730 S0.12695 S0.12756 S0.14710 S0.12699 S0.12757 S0.12735 S0.12740 S0.12728 S0.12661 S0.12701 S0.12750 S0.12749 S0.12722 S0.12731 S0.12697 S0.12755 S0.12761 S0.12747 S0.12719 S0.12672 S0.12703
LATCH M1 raw=155 tick=859 phase=reset pwm=-32
XCHECK M1 CHIP x1=-242893 x2=-242893 d=0 ok=1,1 buserr10=0
RING S0.0 S0.12735 S0.12740 S0.12728 S0.12661 S0.12701 S0.12750 S0.12749 S0.12722 S0.12731 S0.12697 S0.12755 S0.12761 S0.12747 S0.12719 S0.12672 S0.12703 S0.12730 S0.12756 Q2.16114 R2.4510 Q2.64625 R2.4515 S0.27171 S0.12681 S0.12732
LATCH M2 raw=97 tick=965 phase=reset pwm=-32
XCHECK M2 CHIP x1=-210290 x2=-210290 d=0 ok=1,1 buserr10=0
RING S0.0 S0.12671 S0.12689 S0.12757 S0.12734 S0.12747 S0.14764 S0.12737 S0.12735 S0.12702 S0.12695 S0.12757 S0.12734 S0.12746 S0.12729 S0.12661 S0.12757 S0.12751 S0.12754 S0.12723 S0.12728 S0.12697 S0.12756 S0.12760 S0.12749 S0.12716
LATCH M1 raw=149 tick=967 phase=reset pwm=-32
XCHECK M1 CHIP x1=-240363 x2=-240363 d=0 ok=1,1 buserr10=0
RING S0.0 S0.12737 S0.12735 S0.12702 S0.12695 S0.12757 S0.12734 S0.12746 S0.12729 S0.12661 S0.12757 S0.12751 S0.12754 S0.12723 S0.12728 S0.12697 S0.12756 S0.12760 S0.12749 S0.12716 S0.12701 S0.12758 Q2.16126 R2.4522 Q2.65888 R2.4515
LATCH M2 raw=89 tick=1074 phase=reset pwm=-32
XCHECK M2 CHIP x1=-208129 x2=-208129 d=0 ok=1,1 buserr10=0
RING S0.0 S0.12701 S0.12757 S0.12743 S0.12752 S0.12710 S0.12695 S0.14701 S0.12717 S0.12707 S0.12757 S0.12743 S0.12751 S0.12711 S0.12659 S0.12702 S0.12728 S0.12743 S0.12734 S0.12709 S0.12695 S0.12757 S0.12735 S0.12745 S0.12729 S0.12661
LATCH M1 raw=120 tick=1076 phase=reset pwm=-32
XCHECK M1 CHIP x1=-237824 x2=-237824 d=0 ok=1,1 buserr10=0
RING S0.0 S0.14701 S0.12717 S0.12707 S0.12757 S0.12743 S0.12751 S0.12711 S0.12659 S0.12702 S0.12728 S0.12743 S0.12734 S0.12709 S0.12695 S0.12757 S0.12735 S0.12745 S0.12729 S0.12661 S0.12690 S0.12751 Q2.16153 R2.4513 Q2.65426 R2.4516
STOPV ok (reset-end) att=0 d=0
RESULT reset n=20 ep=10,10,0,0 glitch=0 errs=0 persist=0
>> heal
HEAL M1 ok (a=-237824 b=-236985)
HEAL M2 ok (a=-208123 b=-207440)
STOPV ok (heal-end) att=0 d=0
