# opened /dev/cu.usbmodem2121102 at 2026-07-04 10:31:39
PONG wedgelab
>> set nwheels 2
OK nwheels=2
>> set tickus 10000
OK tickus=10000
>> set sensors 1
OK sensors=1
>> set resetmode 1
OK resetmode=1
>> run reset 20
RUN reset 20 (any byte aborts)
STOPV ok (reset-end) att=0 d=0
RESULT reset n=20 ep=0,0,0,0 glitch=0 errs=0 persist=0
>> heal
HEAL M1 ok (a=-179112 b=-178231)
HEAL M2 ok (a=-156606 b=-155912)
STOPV ok (heal-end) att=0 d=0
>> set nwheels 2
OK nwheels=2
>> set tickus 10000
OK tickus=10000
>> set sensors 1
OK sensors=1
>> set resetmode 4
OK resetmode=4
>> set zerodwell 50
OK zerodwell=50
>> run reset 20
RUN reset 20 (any byte aborts)
STOPV ok (reset-end) att=0 d=0
RESULT reset n=20 ep=0,0,0,0 glitch=0 errs=0 persist=0
>> heal
HEAL M1 ok (a=-178595 b=-177679)
HEAL M2 ok (a=-155973 b=-155229)
STOPV ok (heal-end) att=0 d=0
