# opened /dev/cu.usbmodem2121102 at 2026-07-04 10:22:19
PONG wedgelab
>> set nwheels 2
OK nwheels=2
>> set tickus 10000
OK tickus=10000
>> set sensors 1
OK sensors=1
>> set resetmode 1
OK resetmode=1
>> run reset 20
RUN reset 20 (any byte aborts)
LATCH M2 raw=100 tick=86 phase=reset pwm=-32
XCHECK M2 CHIP x1=-80189 x2=-80189 d=0 ok=1,1 buserr10=0
RING S0.0 S0.12770 S0.12755 S0.12735 S0.12710 S0.14713 S0.12727 S0.12698 S0.12731 S0.12757 S0.12741 S0.12751 S0.12701 S0.12741 S0.12733 S0.12745 S0.12733 S0.12754 S0.12747 S0.12720 S0.12768 S0.12753 S0.12739 S0.12710 S0.12719 S0.12724
LATCH M1 raw=135 tick=87 phase=reset pwm=-32
XCHECK M1 CHIP x1=-93395 x2=-93395 d=0 ok=1,1 buserr10=0
RING S0.0 S0.12727 S0.12698 S0.12731 S0.12757 S0.12741 S0.12751 S0.12701 S0.12741 S0.12733 S0.12745 S0.12733 S0.12754 S0.12747 S0.12720 S0.12768 S0.12753 S0.12739 S0.12710 S0.12719 S0.12724 S0.12769 S0.12728 Q2.16121 R2.4512 Q2.65293
LATCH M2 raw=88 tick=194 phase=reset pwm=-32
XCHECK M2 CHIP x1=-77895 x2=-77895 d=0 ok=1,1 buserr10=0
RING S0.0 S0.12755 S0.12735 S0.12709 S0.12719 S0.12724 S0.12761 S0.14756 S0.12766 S0.12751 S0.12739 S0.12709 S0.12719 S0.12719 S0.12764 S0.12740 S0.12702 S0.12706 S0.12722 S0.12753 S0.12766 S0.12734 S0.12712 S0.12731 S0.12723 S0.12742
LATCH M1 raw=143 tick=197 phase=reset pwm=-32
XCHECK M1 CHIP x1=-90742 x2=-90742 d=0 ok=1,1 buserr10=0
RING S0.0 S0.12766 S0.12751 S0.12739 S0.12709 S0.12719 S0.12719 S0.12764 S0.12740 S0.12702 S0.12706 S0.12722 S0.12753 S0.12766 S0.12734 S0.12712 S0.12731 S0.12723 S0.12742 S0.12760 S0.12700 Q2.16107 R2.4509 Q2.64609 R2.4514 S0.27245
LATCH M2 raw=97 tick=305 phase=reset pwm=-32
XCHECK M2 CHIP x1=-75600 x2=-75600 d=0 ok=1,1 buserr10=0
RING S0.0 S0.12751 S0.12696 S0.12715 S0.12763 S0.12752 S0.14732 S0.12755 S0.12746 S0.12751 S0.12706 S0.12718 S0.12737 S0.12754 S0.12736 S0.12707 S0.12696 S0.12730 S0.12771 S0.12752 S0.12739 S0.12712 S0.12720 S0.12753 S0.12767 S0.12726
LATCH M1 raw=163 tick=308 phase=reset pwm=-32
XCHECK M1 CHIP x1=-88095 x2=-88095 d=0 ok=1,1 buserr10=0
RING S0.0 S0.12746 S0.12751 S0.12706 S0.12718 S0.12737 S0.12754 S0.12736 S0.12707 S0.12696 S0.12730 S0.12771 S0.12752 S0.12739 S0.12712 S0.12720 S0.12753 S0.12767 S0.12726 S0.12703 S0.12696 Q2.16136 R2.4514 Q2.67764 R2.4516 S0.27279
LATCH M2 raw=98 tick=414 phase=reset pwm=-32
XCHECK M2 CHIP x1=-73345 x2=-73345 d=0 ok=1,1 buserr10=0
RING S0.0 S0.12756 S0.12741 S0.12752 S0.12695 S0.12718 S0.14724 S0.12707 S0.12732 S0.12757 S0.12742 S0.12747 S0.12701 S0.12741 S0.12730 S0.12748 S0.12733 S0.12750 S0.12747 S0.12720 S0.12768 S0.12752 S0.12736 S0.12709 S0.12710 S0.12724
LATCH M1 raw=158 tick=417 phase=reset pwm=-32
XCHECK M1 CHIP x1=-85434 x2=-85434 d=0 ok=1,1 buserr10=0
RING S0.0 S0.12732 S0.12757 S0.12742 S0.12747 S0.12701 S0.12741 S0.12730 S0.12748 S0.12733 S0.12750 S0.12747 S0.12720 S0.12768 S0.12752 S0.12736 S0.12709 S0.12710 S0.12724 S0.12769 S0.12741 Q2.16121 R2.4512 Q2.65296 R2.4515 S0.27272
LATCH M2 raw=89 tick=523 phase=reset pwm=-32
XCHECK M2 CHIP x1=-71083 x2=-71083 d=0 ok=1,1 buserr10=0
RING S0.0 S0.12767 S0.12756 S0.12739 S0.12710 S0.12719 S0.12723 S0.14704 S0.12714 S0.12768 S0.12752 S0.12738 S0.12712 S0.12716 S0.12720 S0.12770 S0.12739 S0.12741 S0.12740 S0.12717 S0.12753 S0.12767 S0.12727 S0.12697 S0.12727 S0.12723
LATCH M1 raw=137 tick=525 phase=reset pwm=-32
XCHECK M1 CHIP x1=-82770 x2=-82770 d=0 ok=1,1 buserr10=0
RING S0.0 S0.14704 S0.12714 S0.12768 S0.12752 S0.12738 S0.12712 S0.12716 S0.12720 S0.12770 S0.12739 S0.12741 S0.12740 S0.12717 S0.12753 S0.12767 S0.12727 S0.12697 S0.12727 S0.12723 S0.12746 S0.12757 Q2.16117 R2.4514 Q2.65305 R2.4513
LATCH M2 raw=100 tick=635 phase=reset pwm=-32
XCHECK M2 CHIP x1=-68814 x2=-68814 d=0 ok=1,1 buserr10=0
RING S0.0 S0.12715 S0.12719 S0.12765 S0.12728 S0.14734 S0.12749 S0.12739 S0.12708 S0.12715 S0.12724 S0.12758 S0.12736 S0.12733 S0.12740 S0.12717 S0.12754 S0.12766 S0.12730 S0.12708 S0.12727 S0.12727 S0.12742 S0.12760 S0.12700 S0.12696
LATCH M1 raw=156 tick=637 phase=reset pwm=-32
XCHECK M1 CHIP x1=-80072 x2=-80072 d=0 ok=1,1 buserr10=0
RING S0.0 S0.12739 S0.12708 S0.12715 S0.12724 S0.12758 S0.12736 S0.12733 S0.12740 S0.12717 S0.12754 S0.12766 S0.12730 S0.12708 S0.12727 S0.12727 S0.12742 S0.12760 S0.12700 S0.12696 S0.12732 S0.12756 Q2.16162 R2.4514 Q2.66369 R2.4514
LATCH M2 raw=97 tick=745 phase=reset pwm=-32
XCHECK M2 CHIP x1=-66561 x2=-66561 d=0 ok=1,1 buserr10=0
RING S0.0 S0.12739 S0.12711 S0.12715 S0.12753 S0.14707 S0.12715 S0.12771 S0.12752 S0.12738 S0.12704 S0.12715 S0.12720 S0.12761 S0.12786 S0.12705 S0.12696 S0.12717 S0.12753 S0.12769 S0.12730 S0.12697 S0.12731 S0.12726 S0.12742 S0.12760
LATCH M1 raw=173 tick=748 phase=reset pwm=-32
XCHECK M1 CHIP x1=-77381 x2=-77381 d=0 ok=1,1 buserr10=0
RING S0.0 S0.12752 S0.12738 S0.12704 S0.12715 S0.12720 S0.12761 S0.12786 S0.12705 S0.12696 S0.12717 S0.12753 S0.12769 S0.12730 S0.12697 S0.12731 S0.12726 S0.12742 S0.12760 S0.12695 S0.12682 Q2.16154 R2.4514 Q2.67890 R2.4514 S0.27219
LATCH M2 raw=97 tick=853 phase=reset pwm=-32
XCHECK M2 CHIP x1=-64289 x2=-64289 d=0 ok=1,1 buserr10=0
RING S0.0 S0.12733 S0.12753 S0.12756 S0.12730 S0.12710 S0.14718 S0.12740 S0.12751 S0.12706 S0.12753 S0.12766 S0.12733 S0.12711 S0.12727 S0.12723 S0.12742 S0.12759 S0.12701 S0.12698 S0.12731 S0.12753 S0.12742 S0.12748 S0.12707 S0.12714
LATCH M1 raw=165 tick=857 phase=reset pwm=-32
XCHECK M1 CHIP x1=-74678 x2=-74678 d=0 ok=1,1 buserr10=0
RING S0.0 S0.12706 S0.12753 S0.12766 S0.12733 S0.12711 S0.12727 S0.12723 S0.12742 S0.12759 S0.12701 S0.12698 S0.12731 S0.12753 S0.12742 S0.12748 S0.12707 S0.12714 S0.12737 S0.12752 Q2.16142 R2.4561 Q2.65974 R2.4512 S0.27288 S0.12731
LATCH M2 raw=99 tick=963 phase=reset pwm=-32
XCHECK M2 CHIP x1=-62039 x2=-62039 d=0 ok=1,1 buserr10=0
RING S0.0 S0.12756 S0.12742 S0.12751 S0.12706 S0.12718 S0.14724 S0.12705 S0.12728 S0.12756 S0.12742 S0.12750 S0.12728 S0.12714 S0.12737 S0.12752 S0.12733 S0.12743 S0.12737 S0.12716 S0.12771 S0.12755 S0.12739 S0.12709 S0.12710 S0.12724
LATCH M1 raw=142 tick=965 phase=reset pwm=-32
XCHECK M1 CHIP x1=-71983 x2=-71983 d=0 ok=1,1 buserr10=0
RING S0.0 S0.12705 S0.12728 S0.12756 S0.12742 S0.12750 S0.12728 S0.12714 S0.12737 S0.12752 S0.12733 S0.12743 S0.12737 S0.12716 S0.12771 S0.12755 S0.12739 S0.12709 S0.12710 S0.12724 S0.12769 S0.12740 Q2.16123 R2.4513 Q2.65287 R2.4514
LATCH M2 raw=93 tick=1073 phase=reset pwm=-32
XCHECK M2 CHIP x1=-59778 x2=-59778 d=0 ok=1,1 buserr10=0
RING S0.0 S0.12753 S0.12696 S0.12709 S0.12771 S0.12754 S0.14725 S0.12756 S0.12742 S0.12748 S0.12707 S0.12715 S0.12766 S0.12756 S0.12738 S0.12711 S0.12693 S0.12727 S0.12770 S0.12732 S0.12740 S0.12712 S0.12716 S0.12753 S0.12767 S0.12733
LATCH M1 raw=156 tick=1075 phase=reset pwm=-32
XCHECK M1 CHIP x1=-69267 x2=-69267 d=0 ok=1,1 buserr10=0
RING S0.0 S0.12756 S0.12742 S0.12748 S0.12707 S0.12715 S0.12766 S0.12756 S0.12738 S0.12711 S0.12693 S0.12727 S0.12770 S0.12732 S0.12740 S0.12712 S0.12716 S0.12753 S0.12767 S0.12733 S0.12692 S0.12756 Q2.16145 R2.4514 Q2.67648 R2.4516
STOPV ok (reset-end) att=0 d=0
RESULT reset n=20 ep=10,10,0,0 glitch=0 errs=0 persist=0
>> heal
HEAL M1 ok (a=-69267 b=-68372)
HEAL M2 ok (a=-59769 b=-59019)
STOPV ok (heal-end) att=0 d=0
>> set nwheels 2
OK nwheels=2
>> set tickus 10000
OK tickus=10000
>> set sensors 1
OK sensors=1
>> set resetmode 4
OK resetmode=4
>> set zerodwell 50
OK zerodwell=50
>> run reset 20
RUN reset 20 (any byte aborts)
STOPV ok (reset-end) att=0 d=0
RESULT reset n=20 ep=0,0,0,0 glitch=0 errs=0 persist=0
>> heal
HEAL M1 ok (a=-68094 b=-67128)
HEAL M2 ok (a=-59125 b=-58361)
STOPV ok (heal-end) att=0 d=0
