# opened /dev/cu.usbmodem2121102 at 2026-07-03 22:50:24
PONG wedgelab
>> set nwheels 2
OK nwheels=2
>> set tickus 10000
OK tickus=10000
>> set cruise 45
OK cruise=45
>> run reset 20
RUN reset 20 (any byte aborts)
LATCH-BLIND M1 raw=53930 tick=74 phase=reset (never armed)
RING Q2.0 R2.4514 Q1.960 R1.4509 Q2.948 R2.4513 Q1.960 R1.4514 Q2.962 R2.4527 Q1.970 R1.4514 Q2.958 R2.4512 Q1.4962 R1.4518 Q1.4960 R1.4514 Q1.4964 R1.4509 Q1.4962 R1.4514 Q2.4961 R2.4512 Q2.4967 R2.4513 Q2.4963 R2.4514 Q2.4960 R2.4514
LATCH-BLIND M2 raw=49180 tick=74 phase=reset (never armed)
RING Q2.0 R2.4514 Q1.960 R1.4509 Q2.948 R2.4513 Q1.960 R1.4514 Q2.962 R2.4527 Q1.970 R1.4514 Q2.958 R2.4512 Q1.4962 R1.4518 Q1.4960 R1.4514 Q1.4964 R1.4509 Q1.4962 R1.4514 Q2.4961 R2.4512 Q2.4967 R2.4513 Q2.4963 R2.4514 Q2.4960 R2.4514
UNLATCH M1 raw=54397 (was 53930) tick=75
UNLATCH M2 raw=49586 (was 49180) tick=75
LATCH-BLIND M1 raw=49892 tick=148 phase=reset (never armed)
RING Q2.0 R2.4513 Q1.970 R1.4521 Q2.949 R2.4513 Q1.960 R1.4512 Q2.962 R2.4516 Q1.960 R1.4512 Q2.958 R2.4514 Q1.4961 R1.4518 Q1.4960 R1.4525 Q1.4960 R1.4513 Q1.4956 R1.4513 Q2.4952 R2.4512 Q2.4960 R2.4512 Q2.4961 R2.4521 Q2.4960 R2.4513
LATCH-BLIND M2 raw=45325 tick=148 phase=reset (never armed)
RING Q2.0 R2.4513 Q1.970 R1.4521 Q2.949 R2.4513 Q1.960 R1.4512 Q2.962 R2.4516 Q1.960 R1.4512 Q2.958 R2.4514 Q1.4961 R1.4518 Q1.4960 R1.4525 Q1.4960 R1.4513 Q1.4956 R1.4513 Q2.4952 R2.4512 Q2.4960 R2.4512 Q2.4961 R2.4521 Q2.4960 R2.4513
UNLATCH M1 raw=49430 (was 49892) tick=149
UNLATCH M2 raw=44930 (was 45325) tick=149
LATCH-BLIND M1 raw=53950 tick=222 phase=reset (never armed)
RING Q2.0 R2.4514 Q1.970 R1.4514 Q2.952 R2.4518 Q1.970 R1.4515 Q2.957 R2.4509 Q1.962 R1.4513 Q2.957 R2.4516 Q1.4994 R1.4512 Q1.4962 R1.4512 Q1.4962 R1.4514 Q1.4955 R1.4516 Q2.4960 R2.4515 Q2.4960 R2.4515 Q2.4955 R2.4513 Q2.4961 R2.4513
LATCH-BLIND M2 raw=49275 tick=222 phase=reset (never armed)
RING Q2.0 R2.4514 Q1.970 R1.4514 Q2.952 R2.4518 Q1.970 R1.4515 Q2.957 R2.4509 Q1.962 R1.4513 Q2.957 R2.4516 Q1.4994 R1.4512 Q1.4962 R1.4512 Q1.4962 R1.4514 Q1.4955 R1.4516 Q2.4960 R2.4515 Q2.4960 R2.4515 Q2.4955 R2.4513 Q2.4961 R2.4513
UNLATCH M1 raw=54414 (was 53950) tick=223
UNLATCH M2 raw=49686 (was 49275) tick=223
LATCH-BLIND M1 raw=49897 tick=296 phase=reset (never armed)
RING Q2.0 R2.4515 Q1.969 R1.4514 Q2.953 R2.4516 Q1.969 R1.4515 Q2.957 R2.4513 Q1.965 R1.4515 Q2.957 R2.4513 Q1.4968 R1.4508 Q1.4953 R1.4514 Q1.4961 R1.4513 Q1.4956 R1.4517 Q2.4960 R2.4516 Q2.4960 R2.4513 Q2.5002 R2.4514 Q2.4961 R2.4513
LATCH-BLIND M2 raw=45380 tick=296 phase=reset (never armed)
RING Q2.0 R2.4515 Q1.969 R1.4514 Q2.953 R2.4516 Q1.969 R1.4515 Q2.957 R2.4513 Q1.965 R1.4515 Q2.957 R2.4513 Q1.4968 R1.4508 Q1.4953 R1.4514 Q1.4961 R1.4513 Q1.4956 R1.4517 Q2.4960 R2.4516 Q2.4960 R2.4513 Q2.5002 R2.4514 Q2.4961 R2.4513
UNLATCH M1 raw=49419 (was 49897) tick=297
UNLATCH M2 raw=44980 (was 45380) tick=297
LATCH-BLIND M1 raw=53947 tick=370 phase=reset (never armed)
RING Q2.0 R2.4514 Q1.971 R1.4513 Q2.950 R2.4518 Q1.970 R1.4524 Q2.948 R2.4513 Q1.965 R1.4515 Q2.957 R2.4513 Q1.4967 R1.4509 Q1.4952 R1.4513 Q1.4955 R1.4515 Q1.4953 R1.4515 Q2.4962 R2.4512 Q2.4961 R2.4514 Q2.4956 R2.4518 Q2.4961 R2.4513
LATCH-BLIND M2 raw=49358 tick=370 phase=reset (never armed)
RING Q2.0 R2.4514 Q1.971 R1.4513 Q2.950 R2.4518 Q1.970 R1.4524 Q2.948 R2.4513 Q1.965 R1.4515 Q2.957 R2.4513 Q1.4967 R1.4509 Q1.4952 R1.4513 Q1.4955 R1.4515 Q1.4953 R1.4515 Q2.4962 R2.4512 Q2.4961 R2.4514 Q2.4956 R2.4518 Q2.4961 R2.4513
UNLATCH M1 raw=54403 (was 53947) tick=371
UNLATCH M2 raw=49769 (was 49358) tick=371
LATCH-BLIND M1 raw=49872 tick=444 phase=reset (never armed)
RING Q2.0 R2.4513 Q1.972 R1.4514 Q2.951 R2.4515 Q1.961 R1.4512 Q2.957 R2.4515 Q1.964 R1.4516 Q2.948 R2.4513 Q1.4956 R1.4513 Q1.4955 R1.4514 Q1.4960 R1.4515 Q1.4959 R1.4510 Q2.4953 R2.4513 Q2.4961 R2.4514 Q2.4955 R2.4515 Q2.4960 R2.4515
LATCH-BLIND M2 raw=45447 tick=444 phase=reset (never armed)
RING Q2.0 R2.4513 Q1.972 R1.4514 Q2.951 R2.4515 Q1.961 R1.4512 Q2.957 R2.4515 Q1.964 R1.4516 Q2.948 R2.4513 Q1.4956 R1.4513 Q1.4955 R1.4514 Q1.4960 R1.4515 Q1.4959 R1.4510 Q2.4953 R2.4513 Q2.4961 R2.4514 Q2.4955 R2.4515 Q2.4960 R2.4515
UNLATCH M1 raw=49408 (was 49872) tick=445
UNLATCH M2 raw=45042 (was 45447) tick=445
LATCH-BLIND M1 raw=53947 tick=518 phase=reset (never armed)
RING Q2.0 R2.4513 Q1.970 R1.4526 Q2.957 R2.4510 Q1.973 R1.4513 Q2.957 R2.4516 Q1.964 R1.4513 Q2.947 R2.4516 Q1.4966 R1.4515 Q1.4959 R1.4517 Q1.4962 R1.4513 Q1.4961 R1.4529 Q2.4952 R2.4513 Q2.4959 R2.4515 Q2.4961 R2.4514 Q2.4957 R2.4513
LATCH-BLIND M2 raw=49433 tick=518 phase=reset (never armed)
RING Q2.0 R2.4513 Q1.970 R1.4526 Q2.957 R2.4510 Q1.973 R1.4513 Q2.957 R2.4516 Q1.964 R1.4513 Q2.947 R2.4516 Q1.4966 R1.4515 Q1.4959 R1.4517 Q1.4962 R1.4513 Q1.4961 R1.4529 Q2.4952 R2.4513 Q2.4959 R2.4515 Q2.4961 R2.4514 Q2.4957 R2.4513
UNLATCH M1 raw=54408 (was 53947) tick=519
UNLATCH M2 raw=49853 (was 49433) tick=519
LATCH-BLIND M1 raw=49861 tick=592 phase=reset (never armed)
RING Q2.0 R2.4517 Q1.970 R1.4514 Q2.947 R2.4513 Q1.965 R1.4514 Q2.957 R2.4513 Q1.972 R1.4518 Q2.959 R2.4516 Q1.4966 R1.4513 Q1.4965 R1.4512 Q1.4953 R1.4514 Q1.4961 R1.4513 Q2.4955 R2.4520 Q2.4960 R2.4516 Q2.4959 R2.4541 Q2.4952 R2.4513
LATCH-BLIND M2 raw=45525 tick=592 phase=reset (never armed)
RING Q2.0 R2.4517 Q1.970 R1.4514 Q2.947 R2.4513 Q1.965 R1.4514 Q2.957 R2.4513 Q1.972 R1.4518 Q2.959 R2.4516 Q1.4966 R1.4513 Q1.4965 R1.4512 Q1.4953 R1.4514 Q1.4961 R1.4513 Q2.4955 R2.4520 Q2.4960 R2.4516 Q2.4959 R2.4541 Q2.4952 R2.4513
UNLATCH M1 raw=49394 (was 49861) tick=593
UNLATCH M2 raw=45119 (was 45525) tick=593
LATCH-BLIND M1 raw=53930 tick=666 phase=reset (never armed)
RING Q2.0 R2.4514 Q1.961 R1.4513 Q2.957 R2.4514 Q1.964 R1.4516 Q2.947 R2.4514 Q1.980 R1.4515 Q2.952 R2.4514 Q1.4967 R1.4513 Q1.4950 R1.4510 Q1.4951 R1.4514 Q1.4959 R1.4514 Q2.4955 R2.4517 Q2.4960 R2.4513 Q2.4962 R2.4514 Q2.4952 R2.4519
LATCH-BLIND M2 raw=49514 tick=666 phase=reset (never armed)
RING Q2.0 R2.4514 Q1.961 R1.4513 Q2.957 R2.4514 Q1.964 R1.4516 Q2.947 R2.4514 Q1.980 R1.4515 Q2.952 R2.4514 Q1.4967 R1.4513 Q1.4950 R1.4510 Q1.4951 R1.4514 Q1.4959 R1.4514 Q2.4955 R2.4517 Q2.4960 R2.4513 Q2.4962 R2.4514 Q2.4952 R2.4519
UNLATCH M1 raw=54403 (was 53930) tick=667
UNLATCH M2 raw=49925 (was 49514) tick=667
LATCH-BLIND M1 raw=49847 tick=740 phase=reset (never armed)
RING Q2.0 R2.4511 Q1.961 R1.4512 Q2.957 R2.4515 Q1.963 R1.4516 Q2.948 R2.4512 Q1.970 R1.4515 Q2.952 R2.4513 Q1.4967 R1.4513 Q1.4962 R1.4509 Q1.4961 R1.4513 Q1.4960 R1.4515 Q2.4954 R2.4512 Q2.4954 R2.4512 Q2.4961 R2.4513 Q2.4955 R2.4516
LATCH-BLIND M2 raw=45558 tick=740 phase=reset (never armed)
RING Q2.0 R2.4511 Q1.961 R1.4512 Q2.957 R2.4515 Q1.963 R1.4516 Q2.948 R2.4512 Q1.970 R1.4515 Q2.952 R2.4513 Q1.4967 R1.4513 Q1.4962 R1.4509 Q1.4961 R1.4513 Q1.4960 R1.4515 Q2.4954 R2.4512 Q2.4954 R2.4512 Q2.4961 R2.4513 Q2.4955 R2.4516
UNLATCH M1 raw=49380 (was 49847) tick=741
UNLATCH M2 raw=45153 (was 45558) tick=741
LATCH-BLIND M1 raw=53925 tick=814 phase=reset (never armed)
RING Q2.0 R2.4520 Q1.960 R1.4515 Q2.957 R2.4514 Q1.971 R1.4511 Q2.947 R2.4515 Q1.969 R1.4515 Q2.952 R2.4516 Q1.4965 R1.4516 Q1.4960 R1.4525 Q1.4955 R1.4512 Q1.4961 R1.4513 Q2.4962 R2.4509 Q2.4952 R2.4513 Q2.4959 R2.4515 Q2.4954 R2.4514
LATCH-BLIND M2 raw=49555 tick=814 phase=reset (never armed)
RING Q2.0 R2.4520 Q1.960 R1.4515 Q2.957 R2.4514 Q1.971 R1.4511 Q2.947 R2.4515 Q1.969 R1.4515 Q2.952 R2.4516 Q1.4965 R1.4516 Q1.4960 R1.4525 Q1.4955 R1.4512 Q1.4961 R1.4513 Q2.4962 R2.4509 Q2.4952 R2.4513 Q2.4959 R2.4515 Q2.4954 R2.4514
UNLATCH M1 raw=54392 (was 53925) tick=815
UNLATCH M2 raw=49969 (was 49555) tick=815
LATCH-BLIND M1 raw=49836 tick=888 phase=reset (never armed)
RING Q2.0 R2.4512 Q1.987 R1.4515 Q2.957 R2.4513 Q1.972 R1.4508 Q2.947 R2.4516 Q1.970 R1.4524 Q2.952 R2.4514 Q1.4958 R1.4515 Q1.4961 R1.4513 Q1.4956 R1.4518 Q1.4961 R1.4514 Q2.4962 R2.4513 Q2.4979 R2.4514 Q2.4960 R2.4514 Q2.4970 R2.4511
LATCH-BLIND M2 raw=45592 tick=888 phase=reset (never armed)
RING Q2.0 R2.4512 Q1.987 R1.4515 Q2.957 R2.4513 Q1.972 R1.4508 Q2.947 R2.4516 Q1.970 R1.4524 Q2.952 R2.4514 Q1.4958 R1.4515 Q1.4961 R1.4513 Q1.4956 R1.4518 Q1.4961 R1.4514 Q2.4962 R2.4513 Q2.4979 R2.4514 Q2.4960 R2.4514 Q2.4970 R2.4511
UNLATCH M1 raw=49364 (was 49836) tick=889
UNLATCH M2 raw=45183 (was 45592) tick=889
LATCH-BLIND M1 raw=53914 tick=962 phase=reset (never armed)
RING Q2.0 R2.4515 Q1.963 R1.4517 Q2.948 R2.4514 Q1.969 R1.4515 Q2.952 R2.4514 Q1.960 R1.4512 Q2.958 R2.4512 Q1.4968 R1.4523 Q1.4962 R1.4513 Q1.4955 R1.4516 Q1.4961 R1.4513 Q2.4961 R2.4515 Q2.4990 R2.4516 Q2.4960 R2.4513 Q2.4961 R2.4510
LATCH-BLIND M2 raw=49597 tick=962 phase=reset (never armed)
RING Q2.0 R2.4515 Q1.963 R1.4517 Q2.948 R2.4514 Q1.969 R1.4515 Q2.952 R2.4514 Q1.960 R1.4512 Q2.958 R2.4512 Q1.4968 R1.4523 Q1.4962 R1.4513 Q1.4955 R1.4516 Q1.4961 R1.4513 Q2.4961 R2.4515 Q2.4990 R2.4516 Q2.4960 R2.4513 Q2.4961 R2.4510
UNLATCH M1 raw=54378 (was 53914) tick=963
UNLATCH M2 raw=50014 (was 49597) tick=963
LATCH-BLIND M1 raw=49814 tick=1036 phase=reset (never armed)
RING Q2.0 R2.4515 Q1.964 R1.4516 Q2.959 R2.4513 Q1.969 R1.4516 Q2.952 R2.4513 Q1.969 R1.4515 Q2.957 R2.4510 Q1.4958 R1.4513 Q1.4961 R1.4514 Q1.4955 R1.4514 Q1.4960 R1.4515 Q2.4960 R2.4515 Q2.4955 R2.4569 Q2.4961 R2.4513 Q2.4961 R2.4519
LATCH-BLIND M2 raw=45630 tick=1036 phase=reset (never armed)
RING Q2.0 R2.4515 Q1.964 R1.4516 Q2.959 R2.4513 Q1.969 R1.4516 Q2.952 R2.4513 Q1.969 R1.4515 Q2.957 R2.4510 Q1.4958 R1.4513 Q1.4961 R1.4514 Q1.4955 R1.4514 Q1.4960 R1.4515 Q2.4960 R2.4515 Q2.4955 R2.4569 Q2.4961 R2.4513 Q2.4961 R2.4519
UNLATCH M1 raw=49344 (was 49814) tick=1037
UNLATCH M2 raw=45222 (was 45630) tick=1037
LATCH-BLIND M1 raw=53897 tick=1110 phase=reset (never armed)
RING Q2.0 R2.4515 Q1.965 R1.4515 Q2.957 R2.4516 Q1.969 R1.4513 Q2.988 R2.4514 Q1.969 R1.4517 Q2.958 R2.4519 Q1.4958 R1.4513 Q1.4961 R1.4512 Q1.4954 R1.4515 Q1.4950 R1.4515 Q2.4960 R2.4513 Q2.4956 R2.4517 Q2.4961 R2.4513 Q2.4951 R2.4512
LATCH-BLIND M2 raw=49639 tick=1110 phase=reset (never armed)
RING Q2.0 R2.4515 Q1.965 R1.4515 Q2.957 R2.4516 Q1.969 R1.4513 Q2.988 R2.4514 Q1.969 R1.4517 Q2.958 R2.4519 Q1.4958 R1.4513 Q1.4961 R1.4512 Q1.4954 R1.4515 Q1.4950 R1.4515 Q2.4960 R2.4513 Q2.4956 R2.4517 Q2.4961 R2.4513 Q2.4951 R2.4512
UNLATCH M1 raw=54364 (was 53897) tick=1111
UNLATCH M2 raw=50058 (was 49639) tick=1111
LATCH-BLIND M1 raw=49794 tick=1184 phase=reset (never armed)
RING Q2.0 R2.4513 Q1.961 R1.4543 Q2.948 R2.4515 Q1.970 R1.4514 Q2.951 R2.4519 Q1.970 R1.4513 Q2.959 R2.4513 Q1.4964 R1.4514 Q1.4960 R1.4514 Q1.4961 R1.4512 Q1.4951 R1.4513 Q2.4969 R2.4517 Q2.4956 R2.4515 Q2.4961 R2.4512 Q2.4960 R2.4515
LATCH-BLIND M2 raw=45664 tick=1184 phase=reset (never armed)
RING Q2.0 R2.4513 Q1.961 R1.4543 Q2.948 R2.4515 Q1.970 R1.4514 Q2.951 R2.4519 Q1.970 R1.4513 Q2.959 R2.4513 Q1.4964 R1.4514 Q1.4960 R1.4514 Q1.4961 R1.4512 Q1.4951 R1.4513 Q2.4969 R2.4517 Q2.4956 R2.4515 Q2.4961 R2.4512 Q2.4960 R2.4515
UNLATCH M1 raw=49319 (was 49794) tick=1185
UNLATCH M2 raw=45258 (was 45664) tick=1185
LATCH-BLIND M1 raw=53878 tick=1258 phase=reset (never armed)
RING Q2.0 R2.4513 Q1.970 R1.4511 Q2.958 R2.4513 Q1.960 R1.4517 Q2.951 R2.4517 Q1.970 R1.4513 Q2.948 R2.4513 Q1.4960 R1.4518 Q1.4960 R1.4515 Q1.4960 R1.4509 Q1.4952 R1.4513 Q2.4951 R2.4514 Q2.4968 R2.4534 Q2.4951 R2.4526 Q2.4960 R2.4516
LATCH-BLIND M2 raw=49675 tick=1258 phase=reset (never armed)
RING Q2.0 R2.4513 Q1.970 R1.4511 Q2.958 R2.4513 Q1.960 R1.4517 Q2.951 R2.4517 Q1.970 R1.4513 Q2.948 R2.4513 Q1.4960 R1.4518 Q1.4960 R1.4515 Q1.4960 R1.4509 Q1.4952 R1.4513 Q2.4951 R2.4514 Q2.4968 R2.4534 Q2.4951 R2.4526 Q2.4960 R2.4516
UNLATCH M1 raw=54347 (was 53878) tick=1259
UNLATCH M2 raw=50103 (was 49675) tick=1259
LATCH-BLIND M1 raw=49778 tick=1332 phase=reset (never armed)
RING Q2.0 R2.4512 Q1.970 R1.4513 Q2.954 R2.4513 Q1.969 R1.4515 Q2.958 R2.4509 Q1.962 R1.4524 Q2.958 R2.4515 Q1.4960 R1.4516 Q1.4960 R1.4514 Q1.4961 R1.4512 Q1.5001 R1.4513 Q2.4960 R2.4515 Q2.4960 R2.4520 Q2.4961 R2.4516 Q2.4960 R2.4524
LATCH-BLIND M2 raw=45714 tick=1332 phase=reset (never armed)
RING Q2.0 R2.4512 Q1.970 R1.4513 Q2.954 R2.4513 Q1.969 R1.4515 Q2.958 R2.4509 Q1.962 R1.4524 Q2.958 R2.4515 Q1.4960 R1.4516 Q1.4960 R1.4514 Q1.4961 R1.4512 Q1.5001 R1.4513 Q2.4960 R2.4515 Q2.4960 R2.4520 Q2.4961 R2.4516 Q2.4960 R2.4524
UNLATCH M1 raw=49308 (was 49778) tick=1333
UNLATCH M2 raw=45297 (was 45714) tick=1333
LATCH-BLIND M1 raw=53858 tick=1406 phase=reset (never armed)
RING Q2.0 R2.4515 Q1.970 R1.4514 Q2.952 R2.4517 Q1.970 R1.4516 Q2.957 R2.4512 Q1.965 R1.4516 Q2.957 R2.4523 Q1.4965 R1.4508 Q1.4952 R1.4513 Q1.4961 R1.4513 Q1.4953 R1.4517 Q2.4961 R2.4515 Q2.4960 R2.4513 Q2.4955 R2.4518 Q2.4962 R2.4512
LATCH-BLIND M2 raw=49719 tick=1406 phase=reset (never armed)
RING Q2.0 R2.4515 Q1.970 R1.4514 Q2.952 R2.4517 Q1.970 R1.4516 Q2.957 R2.4512 Q1.965 R1.4516 Q2.957 R2.4523 Q1.4965 R1.4508 Q1.4952 R1.4513 Q1.4961 R1.4513 Q1.4953 R1.4517 Q2.4961 R2.4515 Q2.4960 R2.4513 Q2.4955 R2.4518 Q2.4962 R2.4512
UNLATCH M1 raw=54330 (was 53858) tick=1407
UNLATCH M2 raw=50130 (was 49719) tick=1407
LATCH-BLIND M1 raw=49767 tick=1480 phase=reset (never armed)
RING Q2.0 R2.4514 Q1.960 R1.4514 Q2.951 R2.4526 Q1.960 R1.4514 Q2.948 R2.4512 Q1.964 R1.4509 Q2.957 R2.4514 Q1.4957 R1.4513 Q1.4968 R1.4514 Q1.4960 R1.4515 Q1.4959 R1.4512 Q2.4951 R2.4513 Q2.4961 R2.4513 Q2.4955 R2.4516 Q2.4959 R2.4514
LATCH-BLIND M2 raw=45725 tick=1480 phase=reset (never armed)
RING Q2.0 R2.4514 Q1.960 R1.4514 Q2.951 R2.4526 Q1.960 R1.4514 Q2.948 R2.4512 Q1.964 R1.4509 Q2.957 R2.4514 Q1.4957 R1.4513 Q1.4968 R1.4514 Q1.4960 R1.4515 Q1.4959 R1.4512 Q2.4951 R2.4513 Q2.4961 R2.4513 Q2.4955 R2.4516 Q2.4959 R2.4514
STOPV ok (reset-end) att=0 d=0
RESULT reset n=20 ep=20,20,0,0 glitch=0 errs=0 persist=0
>> stat
STAT w=3174 r=3130 err=0 glitch=0 ep=20,20,0,0 persist=0 runaway=0 stopretry=0
>> heal
HEAL M1 ok (a=49592 b=50586)
HEAL M2 ok (a=45569 b=46453)
STOPV ok (heal-end) att=0 d=0
>> set ratchet 1
OK ratchet=1
>> run legs 30
RUN legs 30 (any byte aborts)
STOPV ok (legs-end) att=0 d=0
RESULT legs n=30 ep=0,0,0,0 glitch=0 errs=0 persist=0
>> stat
STAT w=11532 r=5770 err=0 glitch=0 ep=0,0,0,0 persist=0 runaway=0 stopretry=0
>> heal
HEAL M1 ok (a=50539 b=51442)
HEAL M2 ok (a=47725 b=48547)
STOPV ok (heal-end) att=0 d=0
>> set ratchet 0
OK ratchet=0
>> set cruise 32
OK cruise=32
>> set nwheels 4
OK nwheels=4
>> set tickus 20000
OK tickus=20000
