# opened /dev/cu.usbmodem2121102 at 2026-07-04 08:07:06
PONG wedgelab
>> set nwheels 2
OK nwheels=2
>> set tickus 10000
OK tickus=10000
>> set sensors 1
OK sensors=1
>> set resetmode 1
OK resetmode=1
>> run reset 10
RUN reset 10 (any byte aborts)
STOPV ok (reset-end) att=0 d=0
RESULT reset n=10 ep=0,0,0,0 glitch=0 errs=0 persist=0
>> set resetmode 4
OK resetmode=4
>> set zerodwell 50
OK zerodwell=50
>> run reset 150
RUN reset 150 (any byte aborts)
!! no output for 45s — treating as stalled
!! timeout after 600.0s — sending abort byte
STOPV ok (reset-end) att=0 d=0
RESULT reset n=150 ep=0,0,0,0 glitch=0 errs=0 persist=0
>> set resetmode 1
OK resetmode=1
>> run reset 10
RUN reset 10 (any byte aborts)
LATCH M2 raw=90 tick=85 phase=reset pwm=-32
XCHECK M2 CHIP x1=86686 x2=86686 d=0 ok=1,1 buserr10=0
RING S0.0 S0.12701 S0.12756 S0.12759 S0.12749 S0.12717 S0.14716 S0.12722 S0.12730 S0.12697 S0.12756 S0.12760 S0.12747 S0.12716 S0.12679 S0.12757 S0.12729 S0.12744 S0.12714 S0.12718 S0.12709 S0.12748 S0.12743 S0.12753 S0.12710 S0.12660
LATCH M1 raw=116 tick=86 phase=reset pwm=-32
XCHECK M1 CHIP x1=91884 x2=91884 d=0 ok=1,1 buserr10=0
RING S0.0 S0.14716 S0.12722 S0.12730 S0.12697 S0.12756 S0.12760 S0.12747 S0.12716 S0.12679 S0.12757 S0.12729 S0.12744 S0.12714 S0.12718 S0.12709 S0.12748 S0.12743 S0.12753 S0.12710 S0.12660 S0.12758 S0.12725 Q2.16137 R2.4514 Q2.65249
LATCH M2 raw=90 tick=195 phase=reset pwm=-32
XCHECK M2 CHIP x1=88850 x2=88850 d=0 ok=1,1 buserr10=0
RING S0.0 S0.12760 S0.12749 S0.12716 S0.12707 S0.12757 S0.14694 S0.12696 S0.12756 S0.12760 S0.12748 S0.12715 S0.12672 S0.12702 S0.12730 S0.12744 S0.12713 S0.12712 S0.12707 S0.12748 S0.12744 S0.12751 S0.12708 S0.12659 S0.12702 S0.12732
LATCH M1 raw=163 tick=199 phase=reset pwm=-32
XCHECK M1 CHIP x1=94467 x2=94467 d=0 ok=1,1 buserr10=0
RING S0.0 S0.12760 S0.12748 S0.12715 S0.12672 S0.12702 S0.12730 S0.12744 S0.12713 S0.12712 S0.12707 S0.12748 S0.12744 S0.12751 S0.12708 S0.12659 S0.12702 S0.12732 S0.12743 S0.12735 Q2.16115 R2.4518 Q2.67931 R2.4516 S0.27210 S0.12699
LATCH M2 raw=98 tick=306 phase=reset pwm=-32
XCHECK M2 CHIP x1=90986 x2=90986 d=0 ok=1,1 buserr10=0
RING S0.0 S0.12696 S0.12758 S0.12734 S0.12747 S0.14763 S0.12738 S0.12735 S0.12698 S0.12695 S0.12757 S0.12734 S0.12747 S0.12729 S0.12661 S0.12756 S0.12751 S0.12754 S0.12724 S0.12728 S0.12697 S0.12756 S0.12760 S0.12749 S0.12717 S0.12706
LATCH M1 raw=161 tick=309 phase=reset pwm=-32
XCHECK M1 CHIP x1=97020 x2=97020 d=0 ok=1,1 buserr10=0
RING S0.0 S0.12698 S0.12695 S0.12757 S0.12734 S0.12747 S0.12729 S0.12661 S0.12756 S0.12751 S0.12754 S0.12724 S0.12728 S0.12697 S0.12756 S0.12760 S0.12749 S0.12717 S0.12706 S0.12758 S0.12730 Q2.16154 R2.4514 Q2.65134 R2.4512 S0.27092
LATCH M2 raw=88 tick=415 phase=reset pwm=-32
XCHECK M2 CHIP x1=93147 x2=93147 d=0 ok=1,1 buserr10=0
RING S0.0 S0.12667 S0.12690 S0.12757 S0.12734 S0.12742 S0.14763 S0.12738 S0.12735 S0.12712 S0.12696 S0.12757 S0.12734 S0.12747 S0.12727 S0.12695 S0.12753 S0.12751 S0.12753 S0.12724 S0.12732 S0.12746 S0.12752 S0.12760 S0.12748 S0.12717
LATCH M1 raw=131 tick=417 phase=reset pwm=-32
XCHECK M1 CHIP x1=99561 x2=99561 d=0 ok=1,1 buserr10=0
RING S0.0 S0.12738 S0.12735 S0.12712 S0.12696 S0.12757 S0.12734 S0.12747 S0.12727 S0.12695 S0.12753 S0.12751 S0.12753 S0.12724 S0.12732 S0.12746 S0.12752 S0.12760 S0.12748 S0.12717 S0.12707 S0.12758 Q2.16144 R2.4515 Q2.65777 R2.4514
LATCH M2 raw=97 tick=526 phase=reset pwm=-32
XCHECK M2 CHIP x1=95300 x2=95300 d=0 ok=1,1 buserr10=0
RING S0.0 S0.12742 S0.12749 S0.12711 S0.12695 S0.14700 S0.12715 S0.12707 S0.12757 S0.12740 S0.12751 S0.12707 S0.12659 S0.12702 S0.12735 S0.12743 S0.12734 S0.12705 S0.12695 S0.12758 S0.12735 S0.12745 S0.12729 S0.12661 S0.12690 S0.12754
LATCH M1 raw=137 tick=527 phase=reset pwm=-32
XCHECK M1 CHIP x1=102145 x2=102145 d=0 ok=1,1 buserr10=0
RING S0.0 S0.12715 S0.12707 S0.12757 S0.12740 S0.12751 S0.12707 S0.12659 S0.12702 S0.12735 S0.12743 S0.12734 S0.12705 S0.12695 S0.12758 S0.12735 S0.12745 S0.12729 S0.12661 S0.12690 S0.12754 S0.12745 S0.12747 Q2.16140 R2.4518 Q2.67924
STOPV ok (reset-end) att=0 d=0
RESULT reset n=10 ep=5,5,0,0 glitch=0 errs=0 persist=0
>> stat
STAT2 sens=4517 senserr=0
STAT w=32 r=30 err=0 glitch=0 ep=5,5,0,0 persist=0 runaway=0 stopretry=0
>> heal
HEAL M1 ok (a=102145 b=102945)
HEAL M2 ok (a=95306 b=96017)
STOPV ok (heal-end) att=0 d=0
