# opened /dev/cu.usbmodem2121102 at 2026-07-04 10:52:33
PONG wedgelab
>> set nwheels 2
OK nwheels=2
>> set tickus 10000
OK tickus=10000
>> set sensors 1
OK sensors=1
>> set resetmode 1
OK resetmode=1
>> run reset 20
RUN reset 20 (any byte aborts)
STOPV ok (reset-end) att=0 d=0
RESULT reset n=20 ep=0,0,0,0 glitch=0 errs=0 persist=0
>> run reset 20
RUN reset 20 (any byte aborts)
LATCH M2 raw=79 tick=84 phase=reset pwm=-32
XCHECK M2 CHIP x1=-262418 x2=-262418 d=0 ok=1,1 buserr10=0
RING S0.0 S0.12749 S0.12716 S0.12708 S0.12747 S0.12743 S0.12751 S0.14751 S0.12759 S0.12748 S0.12717 S0.12706 S0.12758 S0.12743 S0.12773 S0.12706 S0.12692 S0.12723 S0.12758 S0.12743 S0.12752 S0.12712 S0.12695 S0.12758 S0.12734 S0.12740
LATCH M1 raw=135 tick=87 phase=reset pwm=-32
XCHECK M1 CHIP x1=-300063 x2=-300063 d=0 ok=1,1 buserr10=0
RING S0.0 S0.12759 S0.12748 S0.12717 S0.12706 S0.12758 S0.12743 S0.12773 S0.12706 S0.12692 S0.12723 S0.12758 S0.12743 S0.12752 S0.12712 S0.12695 S0.12758 S0.12734 S0.12740 S0.12729 S0.12660 Q2.16100 R2.4514 Q2.66963 R2.4513 S0.27129
LATCH M2 raw=90 tick=195 phase=reset pwm=-32
XCHECK M2 CHIP x1=-260363 x2=-260363 d=0 ok=1,1 buserr10=0
RING S0.0 S0.12758 S0.12742 S0.12752 S0.12708 S0.12694 S0.14701 S0.12717 S0.12707 S0.12757 S0.12744 S0.12751 S0.12707 S0.12659 S0.12702 S0.12735 S0.12742 S0.12735 S0.12704 S0.12695 S0.12758 S0.12735 S0.12746 S0.12725 S0.12660 S0.12686
LATCH M1 raw=141 tick=198 phase=reset pwm=-32
XCHECK M1 CHIP x1=-297655 x2=-297655 d=0 ok=1,1 buserr10=0
RING S0.0 S0.12707 S0.12757 S0.12744 S0.12751 S0.12707 S0.12659 S0.12702 S0.12735 S0.12742 S0.12735 S0.12704 S0.12695 S0.12758 S0.12735 S0.12746 S0.12725 S0.12660 S0.12686 S0.12757 S0.12735 Q2.16150 R2.4511 Q2.64692 R2.4513 S0.27115
LATCH M1 raw=112 tick=305 phase=reset pwm=-32
XCHECK M1 CHIP x1=-295235 x2=-295235 d=0 ok=1,1 buserr10=0
RING S0.0 S0.12700 S0.12758 S0.12734 S0.12747 S0.12729 S0.14716 S0.12709 S0.12718 S0.12708 S0.12757 S0.12743 S0.12751 S0.12711 S0.12659 S0.12703 S0.12731 S0.12743 S0.12734 S0.12713 S0.12696 S0.12757 S0.12735 S0.12746 S0.12729 S0.12661
LATCH M2 raw=83 tick=305 phase=reset pwm=-32
XCHECK M2 CHIP x1=-258274 x2=-258274 d=0 ok=1,1 buserr10=0
RING S0.0 S0.12729 S0.14716 S0.12709 S0.12718 S0.12708 S0.12757 S0.12743 S0.12751 S0.12711 S0.12659 S0.12703 S0.12731 S0.12743 S0.12734 S0.12713 S0.12696 S0.12757 S0.12735 S0.12746 S0.12729 S0.12661 S0.12690 S0.12751 Q1.10622 R1.4514
LATCH M2 raw=90 tick=414 phase=reset pwm=-32
XCHECK M2 CHIP x1=-256174 x2=-256174 d=0 ok=1,1 buserr10=0
RING S0.0 S0.12690 S0.12756 S0.12759 S0.12749 S0.12718 S0.12707 S0.14708 S0.12711 S0.12696 S0.12757 S0.12734 S0.12746 S0.12729 S0.12661 S0.12700 S0.12751 S0.12745 S0.12723 S0.12731 S0.12696 S0.12756 S0.12761 S0.12747 S0.12711 S0.12671
LATCH M1 raw=140 tick=417 phase=reset pwm=-32
XCHECK M1 CHIP x1=-292757 x2=-292757 d=0 ok=1,1 buserr10=0
RING S0.0 S0.12711 S0.12696 S0.12757 S0.12734 S0.12746 S0.12729 S0.12661 S0.12700 S0.12751 S0.12745 S0.12723 S0.12731 S0.12696 S0.12756 S0.12761 S0.12747 S0.12711 S0.12671 S0.12703 S0.12726 Q2.16159 R2.4513 Q2.65343 R2.4513 S0.27144
LATCH M2 raw=87 tick=525 phase=reset pwm=-32
XCHECK M2 CHIP x1=-254074 x2=-254074 d=0 ok=1,1 buserr10=0
RING S0.0 S0.12757 S0.12743 S0.12752 S0.12711 S0.12695 S0.14701 S0.12717 S0.12708 S0.12757 S0.12743 S0.12751 S0.12707 S0.12659 S0.12702 S0.12736 S0.12742 S0.12735 S0.12704 S0.12695 S0.12758 S0.12735 S0.12745 S0.12730 S0.12660 S0.12690
LATCH M1 raw=143 tick=528 phase=reset pwm=-32
XCHECK M1 CHIP x1=-290319 x2=-290319 d=0 ok=1,1 buserr10=0
RING S0.0 S0.12708 S0.12757 S0.12743 S0.12751 S0.12707 S0.12659 S0.12702 S0.12736 S0.12742 S0.12735 S0.12704 S0.12695 S0.12758 S0.12735 S0.12745 S0.12730 S0.12660 S0.12690 S0.12751 S0.12745 Q2.16142 R2.4511 Q2.64693 R2.4513 S0.27111
LATCH M2 raw=89 tick=634 phase=reset pwm=-32
XCHECK M2 CHIP x1=-251957 x2=-251957 d=0 ok=1,1 buserr10=0
RING S0.0 S0.12659 S0.12700 S0.12758 S0.12734 S0.12747 S0.12726 S0.14715 S0.12713 S0.12718 S0.12707 S0.12757 S0.12744 S0.12752 S0.12709 S0.12660 S0.12702 S0.12731 S0.12743 S0.12735 S0.12712 S0.12696 S0.12757 S0.12735 S0.12746 S0.12729
LATCH M1 raw=120 tick=636 phase=reset pwm=-32
XCHECK M1 CHIP x1=-287874 x2=-287874 d=0 ok=1,1 buserr10=0
RING S0.0 S0.14715 S0.12713 S0.12718 S0.12707 S0.12757 S0.12744 S0.12752 S0.12709 S0.12660 S0.12702 S0.12731 S0.12743 S0.12735 S0.12712 S0.12696 S0.12757 S0.12735 S0.12746 S0.12729 S0.12661 S0.12700 Q2.16152 R2.4514 Q2.66121 R2.4512
LATCH M2 raw=94 tick=746 phase=reset pwm=-32
XCHECK M2 CHIP x1=-249854 x2=-249854 d=0 ok=1,1 buserr10=0
RING S0.0 S0.12752 S0.12710 S0.12695 S0.12757 S0.14695 S0.12706 S0.12757 S0.12742 S0.12751 S0.12707 S0.12659 S0.12702 S0.12735 S0.12738 S0.12735 S0.12710 S0.12695 S0.12758 S0.12735 S0.12745 S0.12729 S0.12661 S0.12697 S0.12752 S0.12745
LATCH M1 raw=140 tick=747 phase=reset pwm=-32
XCHECK M1 CHIP x1=-285357 x2=-285357 d=0 ok=1,1 buserr10=0
RING S0.0 S0.12706 S0.12757 S0.12742 S0.12751 S0.12707 S0.12659 S0.12702 S0.12735 S0.12738 S0.12735 S0.12710 S0.12695 S0.12758 S0.12735 S0.12745 S0.12729 S0.12661 S0.12697 S0.12752 S0.12745 S0.12722 S0.12730 Q2.16103 R2.4513 Q2.67209
LATCH M2 raw=85 tick=855 phase=reset pwm=-32
XCHECK M2 CHIP x1=-247729 x2=-247729 d=0 ok=1,1 buserr10=0
RING S0.0 S0.12758 S0.12742 S0.12752 S0.12711 S0.12695 S0.14701 S0.12716 S0.12708 S0.12757 S0.12743 S0.12752 S0.12710 S0.12659 S0.12702 S0.12735 S0.12742 S0.12735 S0.12704 S0.12695 S0.12758 S0.12735 S0.12746 S0.12728 S0.12661 S0.12689
LATCH M1 raw=149 tick=858 phase=reset pwm=-32
XCHECK M1 CHIP x1=-282871 x2=-282871 d=0 ok=1,1 buserr10=0
RING S0.0 S0.12708 S0.12757 S0.12743 S0.12752 S0.12710 S0.12659 S0.12702 S0.12735 S0.12742 S0.12735 S0.12704 S0.12695 S0.12758 S0.12735 S0.12746 S0.12728 S0.12661 S0.12689 S0.12750 S0.12745 Q2.16150 R2.4517 Q2.64684 R2.4512 S0.27103
LATCH M2 raw=95 tick=965 phase=reset pwm=-32
XCHECK M2 CHIP x1=-245618 x2=-245618 d=0 ok=1,1 buserr10=0
RING S0.0 S0.12700 S0.12757 S0.12735 S0.12745 S0.12724 S0.14715 S0.12713 S0.12717 S0.12708 S0.12757 S0.12744 S0.12751 S0.12708 S0.12660 S0.12702 S0.12731 S0.12743 S0.12735 S0.12711 S0.12697 S0.12758 S0.12734 S0.12746 S0.12729 S0.12661
LATCH M1 raw=137 tick=967 phase=reset pwm=-32
XCHECK M1 CHIP x1=-280377 x2=-280377 d=0 ok=1,1 buserr10=0
RING S0.0 S0.12713 S0.12717 S0.12708 S0.12757 S0.12744 S0.12751 S0.12708 S0.12660 S0.12702 S0.12731 S0.12743 S0.12735 S0.12711 S0.12697 S0.12758 S0.12734 S0.12746 S0.12729 S0.12661 S0.12694 S0.12751 Q2.16142 R2.4523 Q2.65375 R2.4513
LATCH M2 raw=86 tick=1075 phase=reset pwm=-32
XCHECK M2 CHIP x1=-243501 x2=-243501 d=0 ok=1,1 buserr10=0
RING S0.0 S0.12757 S0.12742 S0.12752 S0.12712 S0.12694 S0.14701 S0.12717 S0.12707 S0.12757 S0.12744 S0.12751 S0.12707 S0.12659 S0.12702 S0.12731 S0.12743 S0.12735 S0.12704 S0.12695 S0.12758 S0.12735 S0.12746 S0.12728 S0.12661 S0.12689
LATCH M1 raw=124 tick=1076 phase=reset pwm=-32
XCHECK M1 CHIP x1=-277852 x2=-277852 d=0 ok=1,1 buserr10=0
RING S0.0 S0.14701 S0.12717 S0.12707 S0.12757 S0.12744 S0.12751 S0.12707 S0.12659 S0.12702 S0.12731 S0.12743 S0.12735 S0.12704 S0.12695 S0.12758 S0.12735 S0.12746 S0.12728 S0.12661 S0.12689 S0.12756 S0.12745 Q2.16160 R2.4518 Q2.64675
STOPV ok (reset-end) att=0 d=0
RESULT reset n=20 ep=10,10,0,0 glitch=0 errs=0 persist=0
>> heal
HEAL M1 ok (a=-277846 b=-277049)
HEAL M2 ok (a=-243496 b=-242799)
STOPV ok (heal-end) att=0 d=0
>> set nwheels 2
OK nwheels=2
>> set tickus 10000
OK tickus=10000
>> set sensors 1
OK sensors=1
>> set resetmode 4
OK resetmode=4
>> set zerodwell 50
OK zerodwell=50
>> run reset 20
RUN reset 20 (any byte aborts)
STOPV ok (reset-end) att=0 d=0
RESULT reset n=20 ep=0,0,0,0 glitch=0 errs=0 persist=0
>> heal
HEAL M1 ok (a=-277352 b=-276507)
HEAL M2 ok (a=-242038 b=-241299)
STOPV ok (heal-end) att=0 d=0
