# opened /dev/cu.usbmodem2121102 at 2026-07-04 10:35:59
PONG wedgelab
>> set nwheels 2
OK nwheels=2
>> set tickus 10000
OK tickus=10000
>> set sensors 1
OK sensors=1
>> set resetmode 1
OK resetmode=1
>> run reset 20
RUN reset 20 (any byte aborts)
STOPV ok (reset-end) att=0 d=0
RESULT reset n=20 ep=0,0,0,0 glitch=0 errs=0 persist=0
>> run reset 20
RUN reset 20 (any byte aborts)
LATCH M2 raw=91 tick=85 phase=reset pwm=-32
XCHECK M2 CHIP x1=-202623 x2=-202623 d=0 ok=1,1 buserr10=0
RING S0.0 S0.12717 S0.12707 S0.12758 S0.12743 S0.12750 S0.14755 S0.12759 S0.12748 S0.12717 S0.12707 S0.12757 S0.12744 S0.12772 S0.12706 S0.12692 S0.12723 S0.12758 S0.12743 S0.12752 S0.12713 S0.12694 S0.12758 S0.12735 S0.12740 S0.12728
LATCH M1 raw=151 tick=88 phase=reset pwm=-32
XCHECK M1 CHIP x1=-232168 x2=-232168 d=0 ok=1,1 buserr10=0
RING S0.0 S0.12748 S0.12717 S0.12707 S0.12757 S0.12744 S0.12772 S0.12706 S0.12692 S0.12723 S0.12758 S0.12743 S0.12752 S0.12713 S0.12694 S0.12758 S0.12735 S0.12740 S0.12728 S0.12660 S0.12701 Q2.16155 R2.4513 Q2.66201 R2.4513 S0.27099
LATCH M2 raw=85 tick=195 phase=reset pwm=-32
XCHECK M2 CHIP x1=-200518 x2=-200518 d=0 ok=1,1 buserr10=0
RING S0.0 S0.12690 S0.12756 S0.12760 S0.12748 S0.12717 S0.14717 S0.12721 S0.12730 S0.12697 S0.12756 S0.12760 S0.12747 S0.12716 S0.12679 S0.12757 S0.12729 S0.12744 S0.12710 S0.12719 S0.12708 S0.12748 S0.12744 S0.12752 S0.12710 S0.12660
LATCH M1 raw=142 tick=197 phase=reset pwm=-32
XCHECK M1 CHIP x1=-229657 x2=-229657 d=0 ok=1,1 buserr10=0
RING S0.0 S0.12721 S0.12730 S0.12697 S0.12756 S0.12760 S0.12747 S0.12716 S0.12679 S0.12757 S0.12729 S0.12744 S0.12710 S0.12719 S0.12708 S0.12748 S0.12744 S0.12752 S0.12710 S0.12660 S0.12758 S0.12725 Q2.16141 R2.4514 Q2.65248 R2.4515
LATCH M1 raw=118 tick=306 phase=reset pwm=-32
XCHECK M1 CHIP x1=-227118 x2=-227118 d=0 ok=1,1 buserr10=0
RING S0.0 S0.12742 S0.12752 S0.12712 S0.12694 S0.14701 S0.12714 S0.12708 S0.12757 S0.12744 S0.12751 S0.12706 S0.12660 S0.12701 S0.12732 S0.12742 S0.12735 S0.12704 S0.12696 S0.12758 S0.12734 S0.12746 S0.12729 S0.12660 S0.12686 S0.12756
LATCH M2 raw=97 tick=306 phase=reset pwm=-32
XCHECK M2 CHIP x1=-198373 x2=-198373 d=0 ok=1,1 buserr10=0
RING S0.0 S0.14701 S0.12714 S0.12708 S0.12757 S0.12744 S0.12751 S0.12706 S0.12660 S0.12701 S0.12732 S0.12742 S0.12735 S0.12704 S0.12696 S0.12758 S0.12734 S0.12746 S0.12729 S0.12660 S0.12686 S0.12756 S0.12745 S0.12747 Q1.10628 R1.4515
LATCH M2 raw=93 tick=416 phase=reset pwm=-32
XCHECK M2 CHIP x1=-196240 x2=-196240 d=0 ok=1,1 buserr10=0
RING S0.0 S0.12756 S0.12759 S0.12749 S0.12718 S0.14716 S0.12722 S0.12730 S0.12697 S0.12755 S0.12759 S0.12748 S0.12716 S0.12672 S0.12758 S0.12729 S0.12744 S0.12710 S0.12719 S0.12708 S0.12748 S0.12744 S0.12752 S0.12710 S0.12661 S0.12702
LATCH M1 raw=158 tick=418 phase=reset pwm=-32
XCHECK M1 CHIP x1=-224524 x2=-224524 d=0 ok=1,1 buserr10=0
RING S0.0 S0.12730 S0.12697 S0.12755 S0.12759 S0.12748 S0.12716 S0.12672 S0.12758 S0.12729 S0.12744 S0.12710 S0.12719 S0.12708 S0.12748 S0.12744 S0.12752 S0.12710 S0.12661 S0.12702 S0.12731 S0.12739 Q2.16138 R2.4510 Q2.64566 R2.4516
LATCH M2 raw=93 tick=525 phase=reset pwm=-32
XCHECK M2 CHIP x1=-194068 x2=-194068 d=0 ok=1,1 buserr10=0
RING S0.0 S0.12691 S0.12752 S0.12760 S0.12748 S0.12717 S0.14717 S0.12722 S0.12731 S0.12696 S0.12756 S0.12760 S0.12748 S0.12715 S0.12672 S0.12758 S0.12730 S0.12744 S0.12714 S0.12719 S0.12708 S0.12758 S0.12743 S0.12752 S0.12711 S0.12660
LATCH M1 raw=157 tick=528 phase=reset pwm=-32
XCHECK M1 CHIP x1=-221946 x2=-221946 d=0 ok=1,1 buserr10=0
RING S0.0 S0.12731 S0.12696 S0.12756 S0.12760 S0.12748 S0.12715 S0.12672 S0.12758 S0.12730 S0.12744 S0.12714 S0.12719 S0.12708 S0.12758 S0.12743 S0.12752 S0.12711 S0.12660 S0.12757 S0.12726 Q2.16141 R2.4514 Q2.65246 R2.4515 S0.27138
LATCH M2 raw=101 tick=636 phase=reset pwm=-32
XCHECK M2 CHIP x1=-191912 x2=-191912 d=0 ok=1,1 buserr10=0
RING S0.0 S0.12756 S0.12759 S0.12749 S0.12717 S0.14716 S0.12722 S0.12731 S0.12697 S0.12755 S0.12759 S0.12749 S0.12715 S0.12706 S0.12758 S0.12729 S0.12757 S0.12714 S0.12719 S0.12708 S0.12758 S0.12743 S0.12752 S0.12712 S0.12694 S0.12756
LATCH M1 raw=134 tick=637 phase=reset pwm=-32
XCHECK M1 CHIP x1=-219373 x2=-219373 d=0 ok=1,1 buserr10=0
RING S0.0 S0.12722 S0.12731 S0.12697 S0.12755 S0.12759 S0.12749 S0.12715 S0.12706 S0.12758 S0.12729 S0.12757 S0.12714 S0.12719 S0.12708 S0.12758 S0.12743 S0.12752 S0.12712 S0.12694 S0.12756 S0.12726 S0.12752 Q2.16148 R2.4513 Q2.64397
LATCH M2 raw=92 tick=744 phase=reset pwm=-32
XCHECK M2 CHIP x1=-189737 x2=-189737 d=0 ok=1,1 buserr10=0
RING S0.0 S0.12701 S0.12757 S0.12742 S0.12752 S0.12712 S0.12694 S0.14701 S0.12717 S0.12707 S0.12757 S0.12744 S0.12751 S0.12707 S0.12659 S0.12702 S0.12731 S0.12743 S0.12735 S0.12704 S0.12695 S0.12758 S0.12735 S0.12746 S0.12728 S0.12661
LATCH M1 raw=137 tick=746 phase=reset pwm=-32
XCHECK M1 CHIP x1=-216760 x2=-216760 d=0 ok=1,1 buserr10=0
RING S0.0 S0.14701 S0.12717 S0.12707 S0.12757 S0.12744 S0.12751 S0.12707 S0.12659 S0.12702 S0.12731 S0.12743 S0.12735 S0.12704 S0.12695 S0.12758 S0.12735 S0.12746 S0.12728 S0.12661 S0.12689 S0.12756 Q2.16152 R2.4513 Q2.65412 R2.4516
LATCH M2 raw=102 tick=856 phase=reset pwm=-32
XCHECK M2 CHIP x1=-187537 x2=-187537 d=0 ok=1,1 buserr10=0
RING S0.0 S0.12747 S0.12730 S0.12695 S0.12756 S0.14710 S0.12695 S0.12757 S0.12735 S0.12746 S0.12728 S0.12661 S0.12700 S0.12751 S0.12740 S0.12723 S0.12731 S0.12697 S0.12755 S0.12761 S0.12748 S0.12714 S0.12672 S0.12703 S0.12726 S0.12756
LATCH M1 raw=163 tick=859 phase=reset pwm=-32
XCHECK M1 CHIP x1=-214151 x2=-214151 d=0 ok=1,1 buserr10=0
RING S0.0 S0.12735 S0.12746 S0.12728 S0.12661 S0.12700 S0.12751 S0.12740 S0.12723 S0.12731 S0.12697 S0.12755 S0.12761 S0.12748 S0.12714 S0.12672 S0.12703 S0.12726 S0.12756 S0.12713 S0.12718 Q2.16120 R2.4514 Q2.67186 R2.4515 S0.27094
LATCH M2 raw=95 tick=966 phase=reset pwm=-32
XCHECK M2 CHIP x1=-185357 x2=-185357 d=0 ok=1,1 buserr10=0
RING S0.0 S0.12701 S0.12754 S0.12743 S0.12752 S0.14754 S0.12757 S0.12714 S0.12718 S0.12708 S0.12757 S0.12743 S0.12752 S0.12711 S0.12694 S0.12758 S0.12726 S0.12753 S0.12781 S0.12649 S0.12697 S0.12752 S0.12735 S0.12747 S0.12730 S0.12695
LATCH M1 raw=161 tick=969 phase=reset pwm=-32
XCHECK M1 CHIP x1=-211532 x2=-211532 d=0 ok=1,1 buserr10=0
RING S0.0 S0.12718 S0.12708 S0.12757 S0.12743 S0.12752 S0.12711 S0.12694 S0.12758 S0.12726 S0.12753 S0.12781 S0.12649 S0.12697 S0.12752 S0.12735 S0.12747 S0.12730 S0.12695 S0.12757 S0.12760 Q2.16151 R2.4514 Q2.65085 R2.4515 S0.27119
LATCH M2 raw=95 tick=1075 phase=reset pwm=-32
XCHECK M2 CHIP x1=-183143 x2=-183143 d=0 ok=1,1 buserr10=0
RING S0.0 S0.12659 S0.12700 S0.12757 S0.12742 S0.12748 S0.14754 S0.12757 S0.12713 S0.12719 S0.12707 S0.12758 S0.12742 S0.12752 S0.12712 S0.12693 S0.12755 S0.12726 S0.12753 S0.12781 S0.12649 S0.12697 S0.12752 S0.12735 S0.12747 S0.12730
LATCH M1 raw=130 tick=1077 phase=reset pwm=-32
XCHECK M1 CHIP x1=-208923 x2=-208923 d=0 ok=1,1 buserr10=0
RING S0.0 S0.12757 S0.12713 S0.12719 S0.12707 S0.12758 S0.12742 S0.12752 S0.12712 S0.12693 S0.12755 S0.12726 S0.12753 S0.12781 S0.12649 S0.12697 S0.12752 S0.12735 S0.12747 S0.12730 S0.12695 S0.12756 Q2.16170 R2.4513 Q2.65825 R2.4512
STOPV ok (reset-end) att=0 d=0
RESULT reset n=20 ep=10,10,0,0 glitch=0 errs=0 persist=0
>> heal
HEAL M1 ok (a=-208923 b=-208035)
HEAL M2 ok (a=-183140 b=-182443)
STOPV ok (heal-end) att=0 d=0
>> set nwheels 2
OK nwheels=2
>> set tickus 10000
OK tickus=10000
>> set sensors 1
OK sensors=1
>> set resetmode 4
OK resetmode=4
>> set zerodwell 50
OK zerodwell=50
>> run reset 20
RUN reset 20 (any byte aborts)
STOPV ok (reset-end) att=0 d=0
RESULT reset n=20 ep=0,0,0,0 glitch=0 errs=0 persist=0
>> heal
HEAL M1 ok (a=-208268 b=-207371)
HEAL M2 ok (a=-181940 b=-181212)
STOPV ok (heal-end) att=0 d=0
