# opened /dev/cu.usbmodem2121102 at 2026-07-04 08:01:16
PONG wedgelab
>> set nwheels 2
OK nwheels=2
>> set tickus 10000
OK tickus=10000
>> set sensors 1
OK sensors=1
>> set resetmode 1
OK resetmode=1
>> run reset 10
RUN reset 10 (any byte aborts)
STOPV ok (reset-end) att=0 d=0
RESULT reset n=10 ep=0,0,0,0 glitch=0 errs=0 persist=0
>> set resetmode 0
OK resetmode=0
>> run reset 10
RUN reset 10 (any byte aborts)
LATCH M2 raw=96 tick=84 phase=reset pwm=-32
XCHECK M2 CHIP x1=33666 x2=33666 d=0 ok=1,1 buserr10=0
RING S0.0 S0.12670 S0.12700 S0.12754 S0.12758 S0.12751 S0.12715 S0.300361 S0.12686 S0.12756 S0.12733 S0.12750 S0.12727 S0.12696 S0.12754 S0.12758 S0.12750 S0.12714 S0.12671 S0.12689 S0.12754 S0.12758 S0.12744 S0.12715 S0.12706 S0.12757
LATCH M1 raw=416 tick=85 phase=reset pwm=-32
XCHECK M1 CHIP x1=37411 x2=37411 d=0 ok=1,1 buserr10=0
RING S0.0 S0.12715 S0.300361 S0.12686 S0.12756 S0.12733 S0.12750 S0.12727 S0.12696 S0.12754 S0.12758 S0.12750 S0.12714 S0.12671 S0.12689 S0.12754 S0.12758 S0.12744 S0.12715 S0.12706 S0.12757 S0.12742 S0.12749 Q2.16113 R2.4526 Q2.68276
LATCH M2 raw=97 tick=195 phase=reset pwm=-32
XCHECK M2 CHIP x1=36430 x2=36430 d=0 ok=1,1 buserr10=0
RING S0.0 S0.12714 S0.12671 S0.12700 S0.12754 S0.12758 S0.300432 S0.12725 S0.12659 S0.12688 S0.12756 S0.12732 S0.12750 S0.12726 S0.12695 S0.12754 S0.12759 S0.12750 S0.12714 S0.12671 S0.12690 S0.12754 S0.12758 S0.12751 S0.12716 S0.12706
LATCH M1 raw=438 tick=197 phase=reset pwm=-32
XCHECK M1 CHIP x1=40666 x2=40666 d=0 ok=1,1 buserr10=0
RING S0.0 S0.12725 S0.12659 S0.12688 S0.12756 S0.12732 S0.12750 S0.12726 S0.12695 S0.12754 S0.12759 S0.12750 S0.12714 S0.12671 S0.12690 S0.12754 S0.12758 S0.12751 S0.12716 S0.12706 S0.12756 S0.12742 Q2.16154 R2.4541 Q2.64973 R2.4514
LATCH M2 raw=97 tick=305 phase=reset pwm=-32
XCHECK M2 CHIP x1=39228 x2=39228 d=0 ok=1,1 buserr10=0
RING S0.0 S0.12732 S0.12748 S0.12726 S0.12670 S0.12698 S0.300390 S0.12741 S0.12771 S0.12705 S0.12691 S0.12711 S0.12756 S0.12741 S0.12751 S0.12710 S0.12693 S0.12756 S0.12734 S0.12747 S0.12726 S0.12680 S0.12699 S0.12756 S0.12733 S0.12748
LATCH M1 raw=451 tick=307 phase=reset pwm=-32
XCHECK M1 CHIP x1=43950 x2=43950 d=0 ok=1,1 buserr10=0
RING S0.0 S0.12741 S0.12771 S0.12705 S0.12691 S0.12711 S0.12756 S0.12741 S0.12751 S0.12710 S0.12693 S0.12756 S0.12734 S0.12747 S0.12726 S0.12680 S0.12699 S0.12756 S0.12733 S0.12748 S0.12729 S0.12695 Q2.16156 R2.4515 Q2.66537 R2.4517
LATCH M2 raw=105 tick=415 phase=reset pwm=-32
XCHECK M2 CHIP x1=42033 x2=42033 d=0 ok=1,1 buserr10=0
RING S0.0 S0.12733 S0.12747 S0.12726 S0.12670 S0.12710 S0.300396 S0.12741 S0.12749 S0.12712 S0.12691 S0.12722 S0.12756 S0.12741 S0.12751 S0.12710 S0.12693 S0.12756 S0.12734 S0.12747 S0.12727 S0.12670 S0.12699 S0.12756 S0.12733 S0.12750
LATCH M1 raw=460 tick=418 phase=reset pwm=-32
XCHECK M1 CHIP x1=47297 x2=47297 d=0 ok=1,1 buserr10=0
RING S0.0 S0.12749 S0.12712 S0.12691 S0.12722 S0.12756 S0.12741 S0.12751 S0.12710 S0.12693 S0.12756 S0.12734 S0.12747 S0.12727 S0.12670 S0.12699 S0.12756 S0.12733 S0.12750 S0.12729 S0.12695 Q2.16157 R2.4515 Q2.66533 R2.4523 S0.27095
LATCH M2 raw=109 tick=525 phase=reset pwm=-32
XCHECK M2 CHIP x1=44850 x2=44850 d=0 ok=1,1 buserr10=0
RING S0.0 S0.12754 S0.12758 S0.12749 S0.12714 S0.12670 S0.300413 S0.12743 S0.12742 S0.12749 S0.12708 S0.12658 S0.12700 S0.12755 S0.12745 S0.12751 S0.12711 S0.12693 S0.12756 S0.12734 S0.12747 S0.12727 S0.12666 S0.12699 S0.12757 S0.12733
LATCH M1 raw=460 tick=528 phase=reset pwm=-32
XCHECK M1 CHIP x1=50675 x2=50675 d=0 ok=1,1 buserr10=0
RING S0.0 S0.12742 S0.12749 S0.12708 S0.12658 S0.12700 S0.12755 S0.12745 S0.12751 S0.12711 S0.12693 S0.12756 S0.12734 S0.12747 S0.12727 S0.12666 S0.12699 S0.12757 S0.12733 S0.12750 S0.12728 Q2.16104 R2.4516 Q2.67279 R2.4513 S0.27101
STOPV ok (reset-end) att=0 d=0
RESULT reset n=10 ep=5,5,0,0 glitch=0 errs=0 persist=0
>> set resetmode 4
OK resetmode=4
>> run reset 10
RUN reset 10 (any byte aborts)
STOPV ok (reset-end) att=0 d=0
RESULT reset n=10 ep=0,0,0,0 glitch=0 errs=0 persist=0
>> set resetmode 5
OK resetmode=5
>> run reset 10
RUN reset 10 (any byte aborts)
STOPV ok (reset-end) att=0 d=0
RESULT reset n=10 ep=0,0,0,0 glitch=0 errs=0 persist=0
>> set resetmode 1
OK resetmode=1
>> run reset 10
RUN reset 10 (any byte aborts)
LATCH M2 raw=89 tick=84 phase=reset pwm=-32
XCHECK M2 CHIP x1=48317 x2=48317 d=0 ok=1,1 buserr10=0
RING S0.0 S0.12670 S0.12698 S0.12756 S0.12733 S0.12749 S0.12729 S0.14714 S0.12711 S0.12716 S0.12707 S0.12755 S0.12742 S0.12750 S0.12709 S0.12658 S0.12701 S0.12730 S0.12741 S0.12733 S0.12711 S0.12695 S0.12756 S0.12733 S0.12748 S0.12727
LATCH M1 raw=145 tick=87 phase=reset pwm=-32
XCHECK M1 CHIP x1=53411 x2=53411 d=0 ok=1,1 buserr10=0
RING S0.0 S0.12711 S0.12716 S0.12707 S0.12755 S0.12742 S0.12750 S0.12709 S0.12658 S0.12701 S0.12730 S0.12741 S0.12733 S0.12711 S0.12695 S0.12756 S0.12733 S0.12748 S0.12727 S0.12658 S0.12688 Q2.16146 R2.4521 Q2.66161 R2.4512 S0.27085
LATCH M2 raw=85 tick=194 phase=reset pwm=-32
XCHECK M2 CHIP x1=50439 x2=50439 d=0 ok=1,1 buserr10=0
RING S0.0 S0.12700 S0.12754 S0.12758 S0.12751 S0.12716 S0.12705 S0.14710 S0.12709 S0.12694 S0.12756 S0.12733 S0.12747 S0.12727 S0.12660 S0.12699 S0.12749 S0.12745 S0.12719 S0.12729 S0.12695 S0.12754 S0.12759 S0.12750 S0.12715 S0.12671
LATCH M1 raw=114 tick=196 phase=reset pwm=-32
XCHECK M1 CHIP x1=55911 x2=55911 d=0 ok=1,1 buserr10=0
RING S0.0 S0.14710 S0.12709 S0.12694 S0.12756 S0.12733 S0.12747 S0.12727 S0.12660 S0.12699 S0.12749 S0.12745 S0.12719 S0.12729 S0.12695 S0.12754 S0.12759 S0.12750 S0.12715 S0.12671 S0.12701 S0.12732 Q2.16156 R2.4513 Q2.65359 R2.4514
LATCH M2 raw=90 tick=305 phase=reset pwm=-32
XCHECK M2 CHIP x1=52572 x2=52572 d=0 ok=1,1 buserr10=0
RING S0.0 S0.12758 S0.12750 S0.12716 S0.12706 S0.12755 S0.14691 S0.12695 S0.12754 S0.12756 S0.12750 S0.12714 S0.12671 S0.12701 S0.12731 S0.12743 S0.12712 S0.12716 S0.12706 S0.12756 S0.12742 S0.12750 S0.12709 S0.12659 S0.12701 S0.12730
LATCH M1 raw=149 tick=308 phase=reset pwm=-32
XCHECK M1 CHIP x1=58464 x2=58464 d=0 ok=1,1 buserr10=0
RING S0.0 S0.12754 S0.12756 S0.12750 S0.12714 S0.12671 S0.12701 S0.12731 S0.12743 S0.12712 S0.12716 S0.12706 S0.12756 S0.12742 S0.12750 S0.12709 S0.12659 S0.12701 S0.12730 S0.12741 S0.12733 Q2.16114 R2.4517 Q2.67937 R2.4515 S0.27190
LATCH M2 raw=87 tick=413 phase=reset pwm=-32
XCHECK M2 CHIP x1=54683 x2=54683 d=0 ok=1,1 buserr10=0
RING S0.0 S0.12708 S0.12657 S0.12722 S0.12756 S0.12741 S0.12751 S0.14753 S0.12755 S0.12712 S0.12717 S0.12707 S0.12756 S0.12741 S0.12751 S0.12709 S0.12699 S0.12756 S0.12724 S0.12754 S0.12734 S0.12695 S0.12695 S0.12756 S0.12733 S0.12750
LATCH M1 raw=147 tick=416 phase=reset pwm=-32
XCHECK M1 CHIP x1=60978 x2=60978 d=0 ok=1,1 buserr10=0
RING S0.0 S0.12755 S0.12712 S0.12717 S0.12707 S0.12756 S0.12741 S0.12751 S0.12709 S0.12699 S0.12756 S0.12724 S0.12754 S0.12734 S0.12695 S0.12695 S0.12756 S0.12733 S0.12750 S0.12727 S0.12695 Q2.16149 R2.4514 Q2.66623 R2.4516 S0.27110
LATCH M2 raw=86 tick=523 phase=reset pwm=-32
XCHECK M2 CHIP x1=56817 x2=56817 d=0 ok=1,1 buserr10=0
RING S0.0 S0.12711 S0.12756 S0.12741 S0.12750 S0.12711 S0.12693 S0.14699 S0.12715 S0.12706 S0.12756 S0.12741 S0.12750 S0.12709 S0.12658 S0.12701 S0.12729 S0.12741 S0.12739 S0.12710 S0.12694 S0.12756 S0.12733 S0.12748 S0.12727 S0.12660
LATCH M1 raw=130 tick=526 phase=reset pwm=-32
XCHECK M1 CHIP x1=63500 x2=63500 d=0 ok=1,1 buserr10=0
RING S0.0 S0.12715 S0.12706 S0.12756 S0.12741 S0.12750 S0.12709 S0.12658 S0.12701 S0.12729 S0.12741 S0.12739 S0.12710 S0.12694 S0.12756 S0.12733 S0.12748 S0.12727 S0.12660 S0.12687 S0.12756 Q2.16130 R2.4524 Q2.65442 R2.4513 S0.27118
STOPV ok (reset-end) att=0 d=0
RESULT reset n=10 ep=5,5,0,0 glitch=0 errs=0 persist=0
>> set resetmode 3
OK resetmode=3
>> run reset 10
RUN reset 10 (any byte aborts)
STOPV ok (reset-end) att=0 d=0
RESULT reset n=10 ep=0,0,0,0 glitch=0 errs=0 persist=0
>> set resetmode 4
OK resetmode=4
>> run reset 10
RUN reset 10 (any byte aborts)
STOPV ok (reset-end) att=0 d=0
RESULT reset n=10 ep=0,0,0,0 glitch=0 errs=0 persist=0
>> set resetmode 5
OK resetmode=5
>> run reset 10
RUN reset 10 (any byte aborts)
STOPV ok (reset-end) att=0 d=0
RESULT reset n=10 ep=0,0,0,0 glitch=0 errs=0 persist=0
>> stat
STAT2 sens=4879 senserr=0
STAT w=12 r=10 err=0 glitch=0 ep=0,0,0,0 persist=0 runaway=0 stopretry=0
>> heal
HEAL M1 ok (a=105136 b=105945)
HEAL M2 ok (a=94611 b=95320)
STOPV ok (heal-end) att=0 d=0
