# opened /dev/cu.usbmodem2121102 at 2026-07-04 07:54:36
PONG wedgelab
>> set nwheels 2
OK nwheels=2
>> set tickus 10000
OK tickus=10000
>> set sensors 1
OK sensors=1
>> run reset 20
RUN reset 20 (any byte aborts)
LATCH M2 raw=97 tick=84 phase=reset pwm=-32
XCHECK M2 CHIP x1=30600 x2=30600 d=0 ok=1,1 buserr10=0
RING S0.0 S0.12710 S0.12742 S0.12689 S0.12697 S0.12684 S0.12727 S0.300235 S0.12710 S0.12728 S0.12708 S0.12651 S0.12722 S0.12716 S0.12725 S0.12700 S0.12710 S0.12676 S0.12723 S0.12738 S0.12738 S0.12696 S0.12652 S0.12671 S0.12713 S0.12737
LATCH M1 raw=412 tick=85 phase=reset pwm=-32
XCHECK M1 CHIP x1=33811 x2=33811 d=0 ok=1,1 buserr10=0
RING S0.0 S0.12727 S0.300235 S0.12710 S0.12728 S0.12708 S0.12651 S0.12722 S0.12716 S0.12725 S0.12700 S0.12710 S0.12676 S0.12723 S0.12738 S0.12738 S0.12696 S0.12652 S0.12671 S0.12713 S0.12737 S0.12729 S0.12694 Q2.16107 R2.4509 Q2.67485
LATCH M2 raw=98 tick=195 phase=reset pwm=-32
XCHECK M2 CHIP x1=33319 x2=33319 d=0 ok=1,1 buserr10=0
RING S0.0 S0.12723 S0.12741 S0.12726 S0.12695 S0.12650 S0.300158 S0.12726 S0.12709 S0.12723 S0.12699 S0.12697 S0.12683 S0.12726 S0.12719 S0.12741 S0.12691 S0.12650 S0.12688 S0.12700 S0.12723 S0.12729 S0.12692 S0.12652 S0.12728 S0.12701
LATCH M1 raw=431 tick=197 phase=reset pwm=-32
XCHECK M1 CHIP x1=37011 x2=37011 d=0 ok=1,1 buserr10=0
RING S0.0 S0.12726 S0.12709 S0.12723 S0.12699 S0.12697 S0.12683 S0.12726 S0.12719 S0.12741 S0.12691 S0.12650 S0.12688 S0.12700 S0.12723 S0.12729 S0.12692 S0.12652 S0.12728 S0.12701 S0.12723 S0.12712 Q2.16100 R2.4510 Q2.67967 R2.4511
LATCH M2 raw=95 tick=305 phase=reset pwm=-32
XCHECK M2 CHIP x1=36053 x2=36053 d=0 ok=1,1 buserr10=0
RING S0.0 S0.12697 S0.12687 S0.12725 S0.12720 S0.12730 S0.300250 S0.12689 S0.12651 S0.12729 S0.12698 S0.12721 S0.12712 S0.12694 S0.12673 S0.12730 S0.12712 S0.12727 S0.12707 S0.12650 S0.12665 S0.12717 S0.12711 S0.12729 S0.12708 S0.12651
LATCH M1 raw=437 tick=307 phase=reset pwm=-32
XCHECK M1 CHIP x1=40222 x2=40222 d=0 ok=1,1 buserr10=0
RING S0.0 S0.12689 S0.12651 S0.12729 S0.12698 S0.12721 S0.12712 S0.12694 S0.12673 S0.12730 S0.12712 S0.12727 S0.12707 S0.12650 S0.12665 S0.12717 S0.12711 S0.12729 S0.12708 S0.12651 S0.12722 S0.12729 Q2.16125 R2.4521 Q2.65335 R2.4521
LATCH M2 raw=95 tick=415 phase=reset pwm=-32
XCHECK M2 CHIP x1=38797 x2=38797 d=0 ok=1,1 buserr10=0
RING S0.0 S0.12696 S0.12686 S0.12721 S0.12723 S0.12731 S0.300238 S0.12689 S0.12651 S0.12730 S0.12697 S0.12722 S0.12713 S0.12694 S0.12673 S0.12730 S0.12712 S0.12737 S0.12708 S0.12650 S0.12666 S0.12734 S0.12711 S0.12728 S0.12708 S0.12651
LATCH M1 raw=443 tick=417 phase=reset pwm=-32
XCHECK M1 CHIP x1=43472 x2=43472 d=0 ok=1,1 buserr10=0
RING S0.0 S0.12689 S0.12651 S0.12730 S0.12697 S0.12722 S0.12713 S0.12694 S0.12673 S0.12730 S0.12712 S0.12737 S0.12708 S0.12650 S0.12666 S0.12734 S0.12711 S0.12728 S0.12708 S0.12651 S0.12723 S0.12717 Q2.16125 R2.4521 Q2.65332 R2.4520
LATCH M2 raw=101 tick=524 phase=reset pwm=-32
XCHECK M2 CHIP x1=41539 x2=41539 d=0 ok=1,1 buserr10=0
RING S0.0 S0.12687 S0.12696 S0.12685 S0.12721 S0.12724 S0.12730 S0.300254 S0.12689 S0.12654 S0.12730 S0.12697 S0.12721 S0.12713 S0.12695 S0.12672 S0.12729 S0.12713 S0.12725 S0.12707 S0.12649 S0.12666 S0.12730 S0.12711 S0.12728 S0.12708
LATCH M1 raw=437 tick=527 phase=reset pwm=-32
XCHECK M1 CHIP x1=46733 x2=46733 d=0 ok=1,1 buserr10=0
RING S0.0 S0.12689 S0.12654 S0.12730 S0.12697 S0.12721 S0.12713 S0.12695 S0.12672 S0.12729 S0.12713 S0.12725 S0.12707 S0.12649 S0.12666 S0.12730 S0.12711 S0.12728 S0.12708 S0.12651 S0.12723 Q2.16142 R2.4508 Q2.66042 R2.4510 S0.27099
LATCH M2 raw=101 tick=635 phase=reset pwm=-32
XCHECK M2 CHIP x1=44300 x2=44300 d=0 ok=1,1 buserr10=0
RING S0.0 S0.12692 S0.12674 S0.12727 S0.12710 S0.12722 S0.300244 S0.12694 S0.12651 S0.12729 S0.12714 S0.12737 S0.12690 S0.12696 S0.12685 S0.12727 S0.12720 S0.12735 S0.12689 S0.12652 S0.12684 S0.12723 S0.12723 S0.12731 S0.12692 S0.12652
LATCH M1 raw=439 tick=638 phase=reset pwm=-32
XCHECK M1 CHIP x1=50003 x2=50003 d=0 ok=1,1 buserr10=0
RING S0.0 S0.12651 S0.12729 S0.12714 S0.12737 S0.12690 S0.12696 S0.12685 S0.12727 S0.12720 S0.12735 S0.12689 S0.12652 S0.12684 S0.12723 S0.12723 S0.12731 S0.12692 S0.12652 S0.12741 S0.12700 Q2.16137 R2.4519 Q2.65393 R2.4512 S0.27089
LATCH M2 raw=95 tick=745 phase=reset pwm=-32
XCHECK M2 CHIP x1=47061 x2=47061 d=0 ok=1,1 buserr10=0
RING S0.0 S0.12712 S0.12648 S0.12669 S0.12729 S0.12709 S0.300214 S0.12713 S0.12698 S0.12655 S0.12726 S0.12712 S0.12723 S0.12698 S0.12697 S0.12687 S0.12726 S0.12724 S0.12730 S0.12688 S0.12649 S0.12688 S0.12700 S0.12723 S0.12729 S0.12692
LATCH M1 raw=436 tick=747 phase=reset pwm=-32
XCHECK M1 CHIP x1=53278 x2=53278 d=0 ok=1,1 buserr10=0
RING S0.0 S0.12713 S0.12698 S0.12655 S0.12726 S0.12712 S0.12723 S0.12698 S0.12697 S0.12687 S0.12726 S0.12724 S0.12730 S0.12688 S0.12649 S0.12688 S0.12700 S0.12723 S0.12729 S0.12692 S0.12652 S0.12730 Q2.16132 R2.4520 Q2.66049 R2.4511
LATCH M2 raw=97 tick=855 phase=reset pwm=-32
XCHECK M2 CHIP x1=49836 x2=49836 d=0 ok=1,1 buserr10=0
RING S0.0 S0.12691 S0.12674 S0.12731 S0.12709 S0.12723 S0.300215 S0.12695 S0.12651 S0.12662 S0.12711 S0.12739 S0.12689 S0.12694 S0.12686 S0.12729 S0.12712 S0.12724 S0.12732 S0.12650 S0.12686 S0.12729 S0.12723 S0.12729 S0.12691 S0.12649
LATCH M1 raw=423 tick=857 phase=reset pwm=-32
XCHECK M1 CHIP x1=56544 x2=56544 d=0 ok=1,1 buserr10=0
RING S0.0 S0.12695 S0.12651 S0.12662 S0.12711 S0.12739 S0.12689 S0.12694 S0.12686 S0.12729 S0.12712 S0.12724 S0.12732 S0.12650 S0.12686 S0.12729 S0.12723 S0.12729 S0.12691 S0.12649 S0.12687 S0.12698 Q2.16131 R2.4515 Q2.65516 R2.4510
LATCH M2 raw=102 tick=965 phase=reset pwm=-32
XCHECK M2 CHIP x1=52611 x2=52611 d=0 ok=1,1 buserr10=0
RING S0.0 S0.12708 S0.12670 S0.12723 S0.12728 S0.12721 S0.300237 S0.12696 S0.12652 S0.12685 S0.12698 S0.12723 S0.12724 S0.12690 S0.12652 S0.12730 S0.12699 S0.12722 S0.12710 S0.12692 S0.12673 S0.12730 S0.12712 S0.12749 S0.12709 S0.12649
LATCH M1 raw=416 tick=966 phase=reset pwm=-32
XCHECK M1 CHIP x1=59817 x2=59817 d=0 ok=1,1 buserr10=0
RING S0.0 S0.300237 S0.12696 S0.12652 S0.12685 S0.12698 S0.12723 S0.12724 S0.12690 S0.12652 S0.12730 S0.12699 S0.12722 S0.12710 S0.12692 S0.12673 S0.12730 S0.12712 S0.12749 S0.12709 S0.12649 S0.12667 S0.12732 Q2.16140 R2.4521 Q2.65555
LATCH M2 raw=100 tick=1074 phase=reset pwm=-32
XCHECK M2 CHIP x1=55372 x2=55372 d=0 ok=1,1 buserr10=0
RING S0.0 S0.12709 S0.12675 S0.12722 S0.12738 S0.12726 S0.12694 S0.300153 S0.12643 S0.12728 S0.12700 S0.12723 S0.12712 S0.12691 S0.12675 S0.12731 S0.12713 S0.12724 S0.12710 S0.12650 S0.12689 S0.12726 S0.12713 S0.12729 S0.12710 S0.12652
LATCH M1 raw=415 tick=1076 phase=reset pwm=-32
XCHECK M1 CHIP x1=63100 x2=63100 d=0 ok=1,1 buserr10=0
RING S0.0 S0.300153 S0.12643 S0.12728 S0.12700 S0.12723 S0.12712 S0.12691 S0.12675 S0.12731 S0.12713 S0.12724 S0.12710 S0.12650 S0.12689 S0.12726 S0.12713 S0.12729 S0.12710 S0.12652 S0.12712 S0.12727 Q2.16132 R2.4518 Q2.65383 R2.4510
STOPV ok (reset-end) att=0 d=0
RESULT reset n=20 ep=10,10,0,0 glitch=0 errs=0 persist=0
>> stat
STAT2 sens=1100 senserr=0
STAT w=52 r=50 err=0 glitch=0 ep=10,10,0,0 persist=0 runaway=3 stopretry=0
>> heal
HEAL M1 ok (a=63100 b=63906)
HEAL M2 ok (a=55378 b=56056)
STOPV ok (heal-end) att=0 d=0
